sc_rollup_inbox_of_rollup_node_too_many_messages.out

./tezos-client --wait none originate sc rollup from '[PUBLIC_KEY_HASH]' of kind arith booting with  --burn-cap 9999999
Node is bootstrapped.
Estimated gas: 1600.680 units (will add 100 for safety)
Estimated storage: 6530 bytes added (will add 20 for safety)
Operation successfully injected in the node.
Operation hash is '[OPERATION_HASH]'
NOT waiting for the operation to be included.
Use command
  tezos-client wait for [OPERATION_HASH] to be included --confirmations 1 --branch [BLOCK_HASH]
and/or an external block explorer to make sure that it has been included.
This sequence of operations was run:
  Manager signed operations:
    From: [PUBLIC_KEY_HASH]
    Fee to the baker: ꜩ0.000402
    Expected counter: 1
    Gas limit: 1701
    Storage limit: 6550 bytes
    Balance updates:
      [PUBLIC_KEY_HASH] ... -ꜩ0.000402
      payload fees(the block proposer) ....... +ꜩ0.000402
    Originate smart contract rollup of kind arith with boot sector ''
      This smart contract rollup origination was successfully applied
      Consumed gas: 1600.680
      Storage size: 6530 bytes
      Address: [SC_ROLLUP_HASH]
      Balance updates:
        [PUBLIC_KEY_HASH] ... -ꜩ1.6325
        storage fees ........................... +ꜩ1.6325


./tezos-client --wait none send sc rollup message 'text:["CAFEBABE","CAFEBABE","CAFEBABE","CAFEBABE","CAFEBABE","CAFEBABE","CAFEBABE","CAFEBABE","CAFEBABE","CAFEBABE","CAFEBABE","CAFEBABE","CAFEBABE","CAFEBABE","CAFEBABE","CAFEBABE","CAFEBABE","CAFEBABE","CAFEBABE","CAFEBABE","CAFEBABE","CAFEBABE","CAFEBABE","CAFEBABE","CAFEBABE","CAFEBABE","CAFEBABE","CAFEBABE","CAFEBABE","CAFEBABE","CAFEBABE","CAFEBABE","CAFEBABE","CAFEBABE","CAFEBABE","CAFEBABE","CAFEBABE","CAFEBABE","CAFEBABE","CAFEBABE","CAFEBABE","CAFEBABE","CAFEBABE","CAFEBABE","CAFEBABE","CAFEBABE","CAFEBABE","CAFEBABE","CAFEBABE","CAFEBABE","CAFEBABE","CAFEBABE","CAFEBABE","CAFEBABE","CAFEBABE","CAFEBABE","CAFEBABE","CAFEBABE","CAFEBABE","CAFEBABE","CAFEBABE","CAFEBABE","CAFEBABE","CAFEBABE","CAFEBABE","CAFEBABE","CAFEBABE","CAFEBABE","CAFEBABE","CAFEBABE","CAFEBABE","CAFEBABE","CAFEBABE","CAFEBABE","CAFEBABE","CAFEBABE","CAFEBABE","CAFEBABE","CAFEBABE","CAFEBABE","CAFEBABE","CAFEBABE","CAFEBABE","CAFEBABE","CAFEBABE","CAFEBABE","CAFEBABE","CAFEBABE","CAFEBABE","CAFEBABE","CAFEBABE","CAFEBABE","CAFEBABE","CAFEBABE","CAFEBABE","CAFEBABE","CAFEBABE","CAFEBABE","CAFEBABE","CAFEBABE","CAFEBABE","CAFEBABE","CAFEBABE","CAFEBABE","CAFEBABE","CAFEBABE","CAFEBABE","CAFEBABE","CAFEBABE","CAFEBABE","CAFEBABE","CAFEBABE","CAFEBABE","CAFEBABE","CAFEBABE","CAFEBABE","CAFEBABE","CAFEBABE","CAFEBABE","CAFEBABE","CAFEBABE","CAFEBABE","CAFEBABE","CAFEBABE","CAFEBABE","CAFEBABE","CAFEBABE","CAFEBABE","CAFEBABE","CAFEBABE","CAFEBABE","CAFEBABE","CAFEBABE","CAFEBABE","CAFEBABE","CAFEBABE","CAFEBABE","CAFEBABE","CAFEBABE","CAFEBABE","CAFEBABE","CAFEBABE","CAFEBABE","CAFEBABE","CAFEBABE","CAFEBABE","CAFEBABE","CAFEBABE","CAFEBABE","CAFEBABE","CAFEBABE","CAFEBABE","CAFEBABE","CAFEBABE","CAFEBABE","CAFEBABE","CAFEBABE","CAFEBABE","CAFEBABE","CAFEBABE","CAFEBABE","CAFEBABE","CAFEBABE","CAFEBABE","CAFEBABE","CAFEBABE","CAFEBABE","CAFEBABE","CAFEBABE","CAFEBABE","CAFEBABE","CAFEBABE","CAFEBABE","CAFEBABE","CAFEBABE","CAFEBABE","CAFEBABE","CAFEBABE","CAFEBABE","CAFEBABE","CAFEBABE","CAFEBABE","CAFEBABE","CAFEBABE","CAFEBABE","CAFEBABE","CAFEBABE","CAFEBABE","CAFEBABE","CAFEBABE","CAFEBABE","CAFEBABE","CAFEBABE","CAFEBABE","CAFEBABE","CAFEBABE","CAFEBABE","CAFEBABE","CAFEBABE","CAFEBABE","CAFEBABE","CAFEBABE","CAFEBABE","CAFEBABE","CAFEBABE","CAFEBABE","CAFEBABE","CAFEBABE","CAFEBABE","CAFEBABE","CAFEBABE","CAFEBABE","CAFEBABE","CAFEBABE","CAFEBABE","CAFEBABE","CAFEBABE","CAFEBABE","CAFEBABE","CAFEBABE","CAFEBABE","CAFEBABE","CAFEBABE","CAFEBABE","CAFEBABE","CAFEBABE","CAFEBABE","CAFEBABE","CAFEBABE","CAFEBABE","CAFEBABE","CAFEBABE","CAFEBABE","CAFEBABE","CAFEBABE","CAFEBABE","CAFEBABE","CAFEBABE","CAFEBABE","CAFEBABE","CAFEBABE","CAFEBABE","CAFEBABE","CAFEBABE","CAFEBABE","CAFEBABE","CAFEBABE","CAFEBABE","CAFEBABE","CAFEBABE","CAFEBABE","CAFEBABE","CAFEBABE","CAFEBABE","CAFEBABE","CAFEBABE","CAFEBABE","CAFEBABE","CAFEBABE","CAFEBABE","CAFEBABE","CAFEBABE","CAFEBABE","CAFEBABE","CAFEBABE","CAFEBABE","CAFEBABE","CAFEBABE","CAFEBABE","CAFEBABE","CAFEBABE","CAFEBABE","CAFEBABE","CAFEBABE","CAFEBABE","CAFEBABE","CAFEBABE","CAFEBABE","CAFEBABE","CAFEBABE","CAFEBABE","CAFEBABE","CAFEBABE","CAFEBABE","CAFEBABE","CAFEBABE","CAFEBABE","CAFEBABE","CAFEBABE","CAFEBABE","CAFEBABE","CAFEBABE","CAFEBABE","CAFEBABE","CAFEBABE","CAFEBABE","CAFEBABE","CAFEBABE","CAFEBABE","CAFEBABE","CAFEBABE","CAFEBABE","CAFEBABE","CAFEBABE","CAFEBABE","CAFEBABE","CAFEBABE","CAFEBABE","CAFEBABE","CAFEBABE","CAFEBABE","CAFEBABE","CAFEBABE","CAFEBABE","CAFEBABE","CAFEBABE","CAFEBABE","CAFEBABE","CAFEBABE","CAFEBABE","CAFEBABE","CAFEBABE","CAFEBABE","CAFEBABE","CAFEBABE","CAFEBABE","CAFEBABE","CAFEBABE","CAFEBABE","CAFEBABE","CAFEBABE","CAFEBABE","CAFEBABE","CAFEBABE","CAFEBABE","CAFEBABE","CAFEBABE","CAFEBABE","CAFEBABE","CAFEBABE","CAFEBABE","CAFEBABE","CAFEBABE","CAFEBABE","CAFEBABE","CAFEBABE","CAFEBABE","CAFEBABE","CAFEBABE","CAFEBABE","CAFEBABE","CAFEBABE","CAFEBABE","CAFEBABE","CAFEBABE","CAFEBABE","CAFEBABE","CAFEBABE","CAFEBABE","CAFEBABE","CAFEBABE","CAFEBABE","CAFEBABE","CAFEBABE","CAFEBABE","CAFEBABE","CAFEBABE","CAFEBABE","CAFEBABE","CAFEBABE","CAFEBABE","CAFEBABE","CAFEBABE","CAFEBABE","CAFEBABE","CAFEBABE","CAFEBABE","CAFEBABE","CAFEBABE","CAFEBABE","CAFEBABE","CAFEBABE","CAFEBABE","CAFEBABE","CAFEBABE","CAFEBABE","CAFEBABE","CAFEBABE","CAFEBABE","CAFEBABE","CAFEBABE","CAFEBABE","CAFEBABE","CAFEBABE","CAFEBABE","CAFEBABE","CAFEBABE","CAFEBABE","CAFEBABE","CAFEBABE","CAFEBABE","CAFEBABE","CAFEBABE","CAFEBABE","CAFEBABE","CAFEBABE","CAFEBABE","CAFEBABE","CAFEBABE","CAFEBABE","CAFEBABE","CAFEBABE","CAFEBABE","CAFEBABE","CAFEBABE","CAFEBABE","CAFEBABE","CAFEBABE","CAFEBABE","CAFEBABE","CAFEBABE","CAFEBABE","CAFEBABE","CAFEBABE","CAFEBABE","CAFEBABE","CAFEBABE","CAFEBABE","CAFEBABE","CAFEBABE","CAFEBABE","CAFEBABE","CAFEBABE","CAFEBABE","CAFEBABE","CAFEBABE","CAFEBABE","CAFEBABE","CAFEBABE","CAFEBABE","CAFEBABE","CAFEBABE","CAFEBABE","CAFEBABE","CAFEBABE","CAFEBABE","CAFEBABE","CAFEBABE","CAFEBABE","CAFEBABE","CAFEBABE","CAFEBABE","CAFEBABE","CAFEBABE","CAFEBABE","CAFEBABE","CAFEBABE","CAFEBABE","CAFEBABE","CAFEBABE","CAFEBABE","CAFEBABE","CAFEBABE","CAFEBABE","CAFEBABE","CAFEBABE","CAFEBABE","CAFEBABE","CAFEBABE","CAFEBABE","CAFEBABE","CAFEBABE","CAFEBABE","CAFEBABE","CAFEBABE","CAFEBABE","CAFEBABE","CAFEBABE","CAFEBABE","CAFEBABE","CAFEBABE","CAFEBABE","CAFEBABE","CAFEBABE","CAFEBABE","CAFEBABE","CAFEBABE","CAFEBABE","CAFEBABE","CAFEBABE","CAFEBABE","CAFEBABE","CAFEBABE","CAFEBABE","CAFEBABE","CAFEBABE","CAFEBABE","CAFEBABE","CAFEBABE","CAFEBABE"]' from bootstrap1 to '[SC_ROLLUP_HASH]'
Node is bootstrapped.
Estimated gas: 1933.576 units (will add 100 for safety)
Estimated storage: no bytes added
Operation successfully injected in the node.
Operation hash is '[OPERATION_HASH]'
NOT waiting for the operation to be included.
Use command
  tezos-client wait for [OPERATION_HASH] to be included --confirmations 1 --branch [BLOCK_HASH]
and/or an external block explorer to make sure that it has been included.
This sequence of operations was run:
  Manager signed operations:
    From: [PUBLIC_KEY_HASH]
    Fee to the baker: ꜩ0.006473
    Expected counter: 2
    Gas limit: 2034
    Storage limit: 0 bytes
    Balance updates:
      [PUBLIC_KEY_HASH] ... -ꜩ0.006473
      payload fees(the block proposer) ....... +ꜩ0.006473
    Add a message to the inbox of the smart contract rollup at address [SC_ROLLUP_HASH]
      This operation sending a message to a smart contract rollup was successfully applied
      Consumed gas: 1933.704
      Resulting inbox state: 
         rollup = [SC_ROLLUP_HASH]
         level = 3
         current messages hash  = CoWSNHkjFApjeRLdcwH7SueKLnNLHGbbNFkkYuoVYFQfochCm6Tq
         nb_available_messages = 500
         nb_non_committed_messages = 500
         message_counter = 500
         old_levels_messages = 
       content = CoUkdBQ53N7FWav8LuTvrcp3jyoxnpqk3xnEo3gSCgNwia4fq44j
       index = 1
       back_pointers = CoVawGHT9AxoKnd7hDBCii5PEcM2U3WbtL4L5HGD6PC9BWcLnzqD
    
    


./tezos-client --wait none send sc rollup message 'text:["CAFEBABE","CAFEBABE","CAFEBABE","CAFEBABE","CAFEBABE","CAFEBABE","CAFEBABE","CAFEBABE","CAFEBABE","CAFEBABE","CAFEBABE","CAFEBABE","CAFEBABE","CAFEBABE","CAFEBABE","CAFEBABE","CAFEBABE","CAFEBABE","CAFEBABE","CAFEBABE","CAFEBABE","CAFEBABE","CAFEBABE","CAFEBABE","CAFEBABE","CAFEBABE","CAFEBABE","CAFEBABE","CAFEBABE","CAFEBABE","CAFEBABE","CAFEBABE","CAFEBABE","CAFEBABE","CAFEBABE","CAFEBABE","CAFEBABE","CAFEBABE","CAFEBABE","CAFEBABE","CAFEBABE","CAFEBABE","CAFEBABE","CAFEBABE","CAFEBABE","CAFEBABE","CAFEBABE","CAFEBABE","CAFEBABE","CAFEBABE","CAFEBABE","CAFEBABE","CAFEBABE","CAFEBABE","CAFEBABE","CAFEBABE","CAFEBABE","CAFEBABE","CAFEBABE","CAFEBABE","CAFEBABE","CAFEBABE","CAFEBABE","CAFEBABE","CAFEBABE","CAFEBABE","CAFEBABE","CAFEBABE","CAFEBABE","CAFEBABE","CAFEBABE","CAFEBABE","CAFEBABE","CAFEBABE","CAFEBABE","CAFEBABE","CAFEBABE","CAFEBABE","CAFEBABE","CAFEBABE","CAFEBABE","CAFEBABE","CAFEBABE","CAFEBABE","CAFEBABE","CAFEBABE","CAFEBABE","CAFEBABE","CAFEBABE","CAFEBABE","CAFEBABE","CAFEBABE","CAFEBABE","CAFEBABE","CAFEBABE","CAFEBABE","CAFEBABE","CAFEBABE","CAFEBABE","CAFEBABE","CAFEBABE","CAFEBABE","CAFEBABE","CAFEBABE","CAFEBABE","CAFEBABE","CAFEBABE","CAFEBABE","CAFEBABE","CAFEBABE","CAFEBABE","CAFEBABE","CAFEBABE","CAFEBABE","CAFEBABE","CAFEBABE","CAFEBABE","CAFEBABE","CAFEBABE","CAFEBABE","CAFEBABE","CAFEBABE","CAFEBABE","CAFEBABE","CAFEBABE","CAFEBABE","CAFEBABE","CAFEBABE","CAFEBABE","CAFEBABE","CAFEBABE","CAFEBABE","CAFEBABE","CAFEBABE","CAFEBABE","CAFEBABE","CAFEBABE","CAFEBABE","CAFEBABE","CAFEBABE","CAFEBABE","CAFEBABE","CAFEBABE","CAFEBABE","CAFEBABE","CAFEBABE","CAFEBABE","CAFEBABE","CAFEBABE","CAFEBABE","CAFEBABE","CAFEBABE","CAFEBABE","CAFEBABE","CAFEBABE","CAFEBABE","CAFEBABE","CAFEBABE","CAFEBABE","CAFEBABE","CAFEBABE","CAFEBABE","CAFEBABE","CAFEBABE","CAFEBABE","CAFEBABE","CAFEBABE","CAFEBABE","CAFEBABE","CAFEBABE","CAFEBABE","CAFEBABE","CAFEBABE","CAFEBABE","CAFEBABE","CAFEBABE","CAFEBABE","CAFEBABE","CAFEBABE","CAFEBABE","CAFEBABE","CAFEBABE","CAFEBABE","CAFEBABE","CAFEBABE","CAFEBABE","CAFEBABE","CAFEBABE","CAFEBABE","CAFEBABE","CAFEBABE","CAFEBABE","CAFEBABE","CAFEBABE","CAFEBABE","CAFEBABE","CAFEBABE","CAFEBABE","CAFEBABE","CAFEBABE","CAFEBABE","CAFEBABE","CAFEBABE","CAFEBABE","CAFEBABE","CAFEBABE","CAFEBABE","CAFEBABE","CAFEBABE","CAFEBABE","CAFEBABE","CAFEBABE","CAFEBABE","CAFEBABE","CAFEBABE","CAFEBABE","CAFEBABE","CAFEBABE","CAFEBABE","CAFEBABE","CAFEBABE","CAFEBABE","CAFEBABE","CAFEBABE","CAFEBABE","CAFEBABE","CAFEBABE","CAFEBABE","CAFEBABE","CAFEBABE","CAFEBABE","CAFEBABE","CAFEBABE","CAFEBABE","CAFEBABE","CAFEBABE","CAFEBABE","CAFEBABE","CAFEBABE","CAFEBABE","CAFEBABE","CAFEBABE","CAFEBABE","CAFEBABE","CAFEBABE","CAFEBABE","CAFEBABE","CAFEBABE","CAFEBABE","CAFEBABE","CAFEBABE","CAFEBABE","CAFEBABE","CAFEBABE","CAFEBABE","CAFEBABE","CAFEBABE","CAFEBABE","CAFEBABE","CAFEBABE","CAFEBABE","CAFEBABE","CAFEBABE","CAFEBABE","CAFEBABE","CAFEBABE","CAFEBABE","CAFEBABE","CAFEBABE","CAFEBABE","CAFEBABE","CAFEBABE","CAFEBABE","CAFEBABE","CAFEBABE","CAFEBABE","CAFEBABE","CAFEBABE","CAFEBABE","CAFEBABE","CAFEBABE","CAFEBABE","CAFEBABE","CAFEBABE","CAFEBABE","CAFEBABE","CAFEBABE","CAFEBABE","CAFEBABE","CAFEBABE","CAFEBABE","CAFEBABE","CAFEBABE","CAFEBABE","CAFEBABE","CAFEBABE","CAFEBABE","CAFEBABE","CAFEBABE","CAFEBABE","CAFEBABE","CAFEBABE","CAFEBABE","CAFEBABE","CAFEBABE","CAFEBABE","CAFEBABE","CAFEBABE","CAFEBABE","CAFEBABE","CAFEBABE","CAFEBABE","CAFEBABE","CAFEBABE","CAFEBABE","CAFEBABE","CAFEBABE","CAFEBABE","CAFEBABE","CAFEBABE","CAFEBABE","CAFEBABE","CAFEBABE","CAFEBABE","CAFEBABE","CAFEBABE","CAFEBABE","CAFEBABE","CAFEBABE","CAFEBABE","CAFEBABE","CAFEBABE","CAFEBABE","CAFEBABE","CAFEBABE","CAFEBABE","CAFEBABE","CAFEBABE","CAFEBABE","CAFEBABE","CAFEBABE","CAFEBABE","CAFEBABE","CAFEBABE","CAFEBABE","CAFEBABE","CAFEBABE","CAFEBABE","CAFEBABE","CAFEBABE","CAFEBABE","CAFEBABE","CAFEBABE","CAFEBABE","CAFEBABE","CAFEBABE","CAFEBABE","CAFEBABE","CAFEBABE","CAFEBABE","CAFEBABE","CAFEBABE","CAFEBABE","CAFEBABE","CAFEBABE","CAFEBABE","CAFEBABE","CAFEBABE","CAFEBABE","CAFEBABE","CAFEBABE","CAFEBABE","CAFEBABE","CAFEBABE","CAFEBABE","CAFEBABE","CAFEBABE","CAFEBABE","CAFEBABE","CAFEBABE","CAFEBABE","CAFEBABE","CAFEBABE","CAFEBABE","CAFEBABE","CAFEBABE","CAFEBABE","CAFEBABE","CAFEBABE","CAFEBABE","CAFEBABE","CAFEBABE","CAFEBABE","CAFEBABE","CAFEBABE","CAFEBABE","CAFEBABE","CAFEBABE","CAFEBABE","CAFEBABE","CAFEBABE","CAFEBABE","CAFEBABE","CAFEBABE","CAFEBABE","CAFEBABE","CAFEBABE","CAFEBABE","CAFEBABE","CAFEBABE","CAFEBABE","CAFEBABE","CAFEBABE","CAFEBABE","CAFEBABE","CAFEBABE","CAFEBABE","CAFEBABE","CAFEBABE","CAFEBABE","CAFEBABE","CAFEBABE","CAFEBABE","CAFEBABE","CAFEBABE","CAFEBABE","CAFEBABE","CAFEBABE","CAFEBABE","CAFEBABE","CAFEBABE","CAFEBABE","CAFEBABE","CAFEBABE","CAFEBABE","CAFEBABE","CAFEBABE","CAFEBABE","CAFEBABE","CAFEBABE","CAFEBABE","CAFEBABE","CAFEBABE","CAFEBABE","CAFEBABE","CAFEBABE","CAFEBABE","CAFEBABE","CAFEBABE","CAFEBABE","CAFEBABE","CAFEBABE","CAFEBABE","CAFEBABE","CAFEBABE","CAFEBABE","CAFEBABE","CAFEBABE","CAFEBABE","CAFEBABE","CAFEBABE","CAFEBABE","CAFEBABE","CAFEBABE","CAFEBABE","CAFEBABE","CAFEBABE","CAFEBABE","CAFEBABE","CAFEBABE","CAFEBABE","CAFEBABE","CAFEBABE","CAFEBABE","CAFEBABE","CAFEBABE","CAFEBABE","CAFEBABE","CAFEBABE","CAFEBABE","CAFEBABE","CAFEBABE","CAFEBABE","CAFEBABE","CAFEBABE","CAFEBABE","CAFEBABE","CAFEBABE","CAFEBABE","CAFEBABE","CAFEBABE","CAFEBABE","CAFEBABE","CAFEBABE","CAFEBABE","CAFEBABE","CAFEBABE","CAFEBABE","CAFEBABE","CAFEBABE"]' from bootstrap1 to '[SC_ROLLUP_HASH]'
Node is bootstrapped.
Estimated gas: 1933.800 units (will add 100 for safety)
Estimated storage: no bytes added
Operation successfully injected in the node.
Operation hash is '[OPERATION_HASH]'
NOT waiting for the operation to be included.
Use command
  tezos-client wait for [OPERATION_HASH] to be included --confirmations 1 --branch [BLOCK_HASH]
and/or an external block explorer to make sure that it has been included.
This sequence of operations was run:
  Manager signed operations:
    From: [PUBLIC_KEY_HASH]
    Fee to the baker: ꜩ0.006473
    Expected counter: 3
    Gas limit: 2034
    Storage limit: 0 bytes
    Balance updates:
      [PUBLIC_KEY_HASH] ... -ꜩ0.006473
      payload fees(the block proposer) ....... +ꜩ0.006473
    Add a message to the inbox of the smart contract rollup at address [SC_ROLLUP_HASH]
      This operation sending a message to a smart contract rollup was successfully applied
      Consumed gas: 1933.928
      Resulting inbox state: 
         rollup = [SC_ROLLUP_HASH]
         level = 4
         current messages hash  = CoWSNHkjFApjeRLdcwH7SueKLnNLHGbbNFkkYuoVYFQfochCm6Tq
         nb_available_messages = 1000
         nb_non_committed_messages = 1000
         message_counter = 500
         old_levels_messages = 
       content = CoWSNHkjFApjeRLdcwH7SueKLnNLHGbbNFkkYuoVYFQfochCm6Tq
       index = 2
       back_pointers = CoUmDifn9cHq3g1wRc8ft64oMz7Jha8f4mcUWZd2YRseVae6MQAN
      CoUmDifn9cHq3g1wRc8ft64oMz7Jha8f4mcUWZd2YRseVae6MQAN
    
    


./tezos-client --wait none send sc rollup message 'text:["CAFEBABE","CAFEBABE","CAFEBABE","CAFEBABE","CAFEBABE","CAFEBABE","CAFEBABE","CAFEBABE","CAFEBABE","CAFEBABE","CAFEBABE","CAFEBABE","CAFEBABE","CAFEBABE","CAFEBABE","CAFEBABE","CAFEBABE","CAFEBABE","CAFEBABE","CAFEBABE","CAFEBABE","CAFEBABE","CAFEBABE","CAFEBABE","CAFEBABE","CAFEBABE","CAFEBABE","CAFEBABE","CAFEBABE","CAFEBABE","CAFEBABE","CAFEBABE","CAFEBABE","CAFEBABE","CAFEBABE","CAFEBABE","CAFEBABE","CAFEBABE","CAFEBABE","CAFEBABE","CAFEBABE","CAFEBABE","CAFEBABE","CAFEBABE","CAFEBABE","CAFEBABE","CAFEBABE","CAFEBABE","CAFEBABE","CAFEBABE","CAFEBABE","CAFEBABE","CAFEBABE","CAFEBABE","CAFEBABE","CAFEBABE","CAFEBABE","CAFEBABE","CAFEBABE","CAFEBABE","CAFEBABE","CAFEBABE","CAFEBABE","CAFEBABE","CAFEBABE","CAFEBABE","CAFEBABE","CAFEBABE","CAFEBABE","CAFEBABE","CAFEBABE","CAFEBABE","CAFEBABE","CAFEBABE","CAFEBABE","CAFEBABE","CAFEBABE","CAFEBABE","CAFEBABE","CAFEBABE","CAFEBABE","CAFEBABE","CAFEBABE","CAFEBABE","CAFEBABE","CAFEBABE","CAFEBABE","CAFEBABE","CAFEBABE","CAFEBABE","CAFEBABE","CAFEBABE","CAFEBABE","CAFEBABE","CAFEBABE","CAFEBABE","CAFEBABE","CAFEBABE","CAFEBABE","CAFEBABE","CAFEBABE","CAFEBABE","CAFEBABE","CAFEBABE","CAFEBABE","CAFEBABE","CAFEBABE","CAFEBABE","CAFEBABE","CAFEBABE","CAFEBABE","CAFEBABE","CAFEBABE","CAFEBABE","CAFEBABE","CAFEBABE","CAFEBABE","CAFEBABE","CAFEBABE","CAFEBABE","CAFEBABE","CAFEBABE","CAFEBABE","CAFEBABE","CAFEBABE","CAFEBABE","CAFEBABE","CAFEBABE","CAFEBABE","CAFEBABE","CAFEBABE","CAFEBABE","CAFEBABE","CAFEBABE","CAFEBABE","CAFEBABE","CAFEBABE","CAFEBABE","CAFEBABE","CAFEBABE","CAFEBABE","CAFEBABE","CAFEBABE","CAFEBABE","CAFEBABE","CAFEBABE","CAFEBABE","CAFEBABE","CAFEBABE","CAFEBABE","CAFEBABE","CAFEBABE","CAFEBABE","CAFEBABE","CAFEBABE","CAFEBABE","CAFEBABE","CAFEBABE","CAFEBABE","CAFEBABE","CAFEBABE","CAFEBABE","CAFEBABE","CAFEBABE","CAFEBABE","CAFEBABE","CAFEBABE","CAFEBABE","CAFEBABE","CAFEBABE","CAFEBABE","CAFEBABE","CAFEBABE","CAFEBABE","CAFEBABE","CAFEBABE","CAFEBABE","CAFEBABE","CAFEBABE","CAFEBABE","CAFEBABE","CAFEBABE","CAFEBABE","CAFEBABE","CAFEBABE","CAFEBABE","CAFEBABE","CAFEBABE","CAFEBABE","CAFEBABE","CAFEBABE","CAFEBABE","CAFEBABE","CAFEBABE","CAFEBABE","CAFEBABE","CAFEBABE","CAFEBABE","CAFEBABE","CAFEBABE","CAFEBABE","CAFEBABE","CAFEBABE","CAFEBABE","CAFEBABE","CAFEBABE","CAFEBABE","CAFEBABE","CAFEBABE","CAFEBABE","CAFEBABE","CAFEBABE","CAFEBABE","CAFEBABE","CAFEBABE","CAFEBABE","CAFEBABE","CAFEBABE","CAFEBABE","CAFEBABE","CAFEBABE","CAFEBABE","CAFEBABE","CAFEBABE","CAFEBABE","CAFEBABE","CAFEBABE","CAFEBABE","CAFEBABE","CAFEBABE","CAFEBABE","CAFEBABE","CAFEBABE","CAFEBABE","CAFEBABE","CAFEBABE","CAFEBABE","CAFEBABE","CAFEBABE","CAFEBABE","CAFEBABE","CAFEBABE","CAFEBABE","CAFEBABE","CAFEBABE","CAFEBABE","CAFEBABE","CAFEBABE","CAFEBABE","CAFEBABE","CAFEBABE","CAFEBABE","CAFEBABE","CAFEBABE","CAFEBABE","CAFEBABE","CAFEBABE","CAFEBABE","CAFEBABE","CAFEBABE","CAFEBABE","CAFEBABE","CAFEBABE","CAFEBABE","CAFEBABE","CAFEBABE","CAFEBABE","CAFEBABE","CAFEBABE","CAFEBABE","CAFEBABE","CAFEBABE","CAFEBABE","CAFEBABE","CAFEBABE","CAFEBABE","CAFEBABE","CAFEBABE","CAFEBABE","CAFEBABE","CAFEBABE","CAFEBABE","CAFEBABE","CAFEBABE","CAFEBABE","CAFEBABE","CAFEBABE","CAFEBABE","CAFEBABE","CAFEBABE","CAFEBABE","CAFEBABE","CAFEBABE","CAFEBABE","CAFEBABE","CAFEBABE","CAFEBABE","CAFEBABE","CAFEBABE","CAFEBABE","CAFEBABE","CAFEBABE","CAFEBABE","CAFEBABE","CAFEBABE","CAFEBABE","CAFEBABE","CAFEBABE","CAFEBABE","CAFEBABE","CAFEBABE","CAFEBABE","CAFEBABE","CAFEBABE","CAFEBABE","CAFEBABE","CAFEBABE","CAFEBABE","CAFEBABE","CAFEBABE","CAFEBABE","CAFEBABE","CAFEBABE","CAFEBABE","CAFEBABE","CAFEBABE","CAFEBABE","CAFEBABE","CAFEBABE","CAFEBABE","CAFEBABE","CAFEBABE","CAFEBABE","CAFEBABE","CAFEBABE","CAFEBABE","CAFEBABE","CAFEBABE","CAFEBABE","CAFEBABE","CAFEBABE","CAFEBABE","CAFEBABE","CAFEBABE","CAFEBABE","CAFEBABE","CAFEBABE","CAFEBABE","CAFEBABE","CAFEBABE","CAFEBABE","CAFEBABE","CAFEBABE","CAFEBABE","CAFEBABE","CAFEBABE","CAFEBABE","CAFEBABE","CAFEBABE","CAFEBABE","CAFEBABE","CAFEBABE","CAFEBABE","CAFEBABE","CAFEBABE","CAFEBABE","CAFEBABE","CAFEBABE","CAFEBABE","CAFEBABE","CAFEBABE","CAFEBABE","CAFEBABE","CAFEBABE","CAFEBABE","CAFEBABE","CAFEBABE","CAFEBABE","CAFEBABE","CAFEBABE","CAFEBABE","CAFEBABE","CAFEBABE","CAFEBABE","CAFEBABE","CAFEBABE","CAFEBABE","CAFEBABE","CAFEBABE","CAFEBABE","CAFEBABE","CAFEBABE","CAFEBABE","CAFEBABE","CAFEBABE","CAFEBABE","CAFEBABE","CAFEBABE","CAFEBABE","CAFEBABE","CAFEBABE","CAFEBABE","CAFEBABE","CAFEBABE","CAFEBABE","CAFEBABE","CAFEBABE","CAFEBABE","CAFEBABE","CAFEBABE","CAFEBABE","CAFEBABE","CAFEBABE","CAFEBABE","CAFEBABE","CAFEBABE","CAFEBABE","CAFEBABE","CAFEBABE","CAFEBABE","CAFEBABE","CAFEBABE","CAFEBABE","CAFEBABE","CAFEBABE","CAFEBABE","CAFEBABE","CAFEBABE","CAFEBABE","CAFEBABE","CAFEBABE","CAFEBABE","CAFEBABE","CAFEBABE","CAFEBABE","CAFEBABE","CAFEBABE","CAFEBABE","CAFEBABE","CAFEBABE","CAFEBABE","CAFEBABE","CAFEBABE","CAFEBABE","CAFEBABE","CAFEBABE","CAFEBABE","CAFEBABE","CAFEBABE","CAFEBABE","CAFEBABE","CAFEBABE","CAFEBABE","CAFEBABE","CAFEBABE","CAFEBABE","CAFEBABE","CAFEBABE","CAFEBABE","CAFEBABE","CAFEBABE","CAFEBABE","CAFEBABE","CAFEBABE","CAFEBABE","CAFEBABE","CAFEBABE","CAFEBABE","CAFEBABE","CAFEBABE","CAFEBABE","CAFEBABE","CAFEBABE","CAFEBABE","CAFEBABE","CAFEBABE","CAFEBABE","CAFEBABE","CAFEBABE","CAFEBABE","CAFEBABE","CAFEBABE","CAFEBABE","CAFEBABE","CAFEBABE","CAFEBABE","CAFEBABE","CAFEBABE","CAFEBABE","CAFEBABE","CAFEBABE","CAFEBABE","CAFEBABE","CAFEBABE","CAFEBABE","CAFEBABE","CAFEBABE","CAFEBABE","CAFEBABE","CAFEBABE"]' from bootstrap1 to '[SC_ROLLUP_HASH]'
Node is bootstrapped.
Estimated gas: 1934.007 units (will add 100 for safety)
Estimated storage: no bytes added
Operation successfully injected in the node.
Operation hash is '[OPERATION_HASH]'
NOT waiting for the operation to be included.
Use command
  tezos-client wait for [OPERATION_HASH] to be included --confirmations 1 --branch [BLOCK_HASH]
and/or an external block explorer to make sure that it has been included.
This sequence of operations was run:
  Manager signed operations:
    From: [PUBLIC_KEY_HASH]
    Fee to the baker: ꜩ0.006473
    Expected counter: 4
    Gas limit: 2035
    Storage limit: 0 bytes
    Balance updates:
      [PUBLIC_KEY_HASH] ... -ꜩ0.006473
      payload fees(the block proposer) ....... +ꜩ0.006473
    Add a message to the inbox of the smart contract rollup at address [SC_ROLLUP_HASH]
      This operation sending a message to a smart contract rollup was successfully applied
      Consumed gas: 1934.007
      Resulting inbox state: 
         rollup = [SC_ROLLUP_HASH]
         level = 5
         current messages hash  = CoWSNHkjFApjeRLdcwH7SueKLnNLHGbbNFkkYuoVYFQfochCm6Tq
         nb_available_messages = 1500
         nb_non_committed_messages = 1500
         message_counter = 500
         old_levels_messages = 
       content = CoWSNHkjFApjeRLdcwH7SueKLnNLHGbbNFkkYuoVYFQfochCm6Tq
       index = 3
       back_pointers = CoVcaYoTAcc28aNpYP86vM53JvxriAnYnjzVrpLiFcvDJKSdYfdU
      CoUmDifn9cHq3g1wRc8ft64oMz7Jha8f4mcUWZd2YRseVae6MQAN
    
    


./tezos-client --wait none send sc rollup message 'text:["CAFEBABE","CAFEBABE","CAFEBABE","CAFEBABE","CAFEBABE","CAFEBABE","CAFEBABE","CAFEBABE","CAFEBABE","CAFEBABE","CAFEBABE","CAFEBABE","CAFEBABE","CAFEBABE","CAFEBABE","CAFEBABE","CAFEBABE","CAFEBABE","CAFEBABE","CAFEBABE","CAFEBABE","CAFEBABE","CAFEBABE","CAFEBABE","CAFEBABE","CAFEBABE","CAFEBABE","CAFEBABE","CAFEBABE","CAFEBABE","CAFEBABE","CAFEBABE","CAFEBABE","CAFEBABE","CAFEBABE","CAFEBABE","CAFEBABE","CAFEBABE","CAFEBABE","CAFEBABE","CAFEBABE","CAFEBABE","CAFEBABE","CAFEBABE","CAFEBABE","CAFEBABE","CAFEBABE","CAFEBABE","CAFEBABE","CAFEBABE","CAFEBABE","CAFEBABE","CAFEBABE","CAFEBABE","CAFEBABE","CAFEBABE","CAFEBABE","CAFEBABE","CAFEBABE","CAFEBABE","CAFEBABE","CAFEBABE","CAFEBABE","CAFEBABE","CAFEBABE","CAFEBABE","CAFEBABE","CAFEBABE","CAFEBABE","CAFEBABE","CAFEBABE","CAFEBABE","CAFEBABE","CAFEBABE","CAFEBABE","CAFEBABE","CAFEBABE","CAFEBABE","CAFEBABE","CAFEBABE","CAFEBABE","CAFEBABE","CAFEBABE","CAFEBABE","CAFEBABE","CAFEBABE","CAFEBABE","CAFEBABE","CAFEBABE","CAFEBABE","CAFEBABE","CAFEBABE","CAFEBABE","CAFEBABE","CAFEBABE","CAFEBABE","CAFEBABE","CAFEBABE","CAFEBABE","CAFEBABE","CAFEBABE","CAFEBABE","CAFEBABE","CAFEBABE","CAFEBABE","CAFEBABE","CAFEBABE","CAFEBABE","CAFEBABE","CAFEBABE","CAFEBABE","CAFEBABE","CAFEBABE","CAFEBABE","CAFEBABE","CAFEBABE","CAFEBABE","CAFEBABE","CAFEBABE","CAFEBABE","CAFEBABE","CAFEBABE","CAFEBABE","CAFEBABE","CAFEBABE","CAFEBABE","CAFEBABE","CAFEBABE","CAFEBABE","CAFEBABE","CAFEBABE","CAFEBABE","CAFEBABE","CAFEBABE","CAFEBABE","CAFEBABE","CAFEBABE","CAFEBABE","CAFEBABE","CAFEBABE","CAFEBABE","CAFEBABE","CAFEBABE","CAFEBABE","CAFEBABE","CAFEBABE","CAFEBABE","CAFEBABE","CAFEBABE","CAFEBABE","CAFEBABE","CAFEBABE","CAFEBABE","CAFEBABE","CAFEBABE","CAFEBABE","CAFEBABE","CAFEBABE","CAFEBABE","CAFEBABE","CAFEBABE","CAFEBABE","CAFEBABE","CAFEBABE","CAFEBABE","CAFEBABE","CAFEBABE","CAFEBABE","CAFEBABE","CAFEBABE","CAFEBABE","CAFEBABE","CAFEBABE","CAFEBABE","CAFEBABE","CAFEBABE","CAFEBABE","CAFEBABE","CAFEBABE","CAFEBABE","CAFEBABE","CAFEBABE","CAFEBABE","CAFEBABE","CAFEBABE","CAFEBABE","CAFEBABE","CAFEBABE","CAFEBABE","CAFEBABE","CAFEBABE","CAFEBABE","CAFEBABE","CAFEBABE","CAFEBABE","CAFEBABE","CAFEBABE","CAFEBABE","CAFEBABE","CAFEBABE","CAFEBABE","CAFEBABE","CAFEBABE","CAFEBABE","CAFEBABE","CAFEBABE","CAFEBABE","CAFEBABE","CAFEBABE","CAFEBABE","CAFEBABE","CAFEBABE","CAFEBABE","CAFEBABE","CAFEBABE","CAFEBABE","CAFEBABE","CAFEBABE","CAFEBABE","CAFEBABE","CAFEBABE","CAFEBABE","CAFEBABE","CAFEBABE","CAFEBABE","CAFEBABE","CAFEBABE","CAFEBABE","CAFEBABE","CAFEBABE","CAFEBABE","CAFEBABE","CAFEBABE","CAFEBABE","CAFEBABE","CAFEBABE","CAFEBABE","CAFEBABE","CAFEBABE","CAFEBABE","CAFEBABE","CAFEBABE","CAFEBABE","CAFEBABE","CAFEBABE","CAFEBABE","CAFEBABE","CAFEBABE","CAFEBABE","CAFEBABE","CAFEBABE","CAFEBABE","CAFEBABE","CAFEBABE","CAFEBABE","CAFEBABE","CAFEBABE","CAFEBABE","CAFEBABE","CAFEBABE","CAFEBABE","CAFEBABE","CAFEBABE","CAFEBABE","CAFEBABE","CAFEBABE","CAFEBABE","CAFEBABE","CAFEBABE","CAFEBABE","CAFEBABE","CAFEBABE","CAFEBABE","CAFEBABE","CAFEBABE","CAFEBABE","CAFEBABE","CAFEBABE","CAFEBABE","CAFEBABE","CAFEBABE","CAFEBABE","CAFEBABE","CAFEBABE","CAFEBABE","CAFEBABE","CAFEBABE","CAFEBABE","CAFEBABE","CAFEBABE","CAFEBABE","CAFEBABE","CAFEBABE","CAFEBABE","CAFEBABE","CAFEBABE","CAFEBABE","CAFEBABE","CAFEBABE","CAFEBABE","CAFEBABE","CAFEBABE","CAFEBABE","CAFEBABE","CAFEBABE","CAFEBABE","CAFEBABE","CAFEBABE","CAFEBABE","CAFEBABE","CAFEBABE","CAFEBABE","CAFEBABE","CAFEBABE","CAFEBABE","CAFEBABE","CAFEBABE","CAFEBABE","CAFEBABE","CAFEBABE","CAFEBABE","CAFEBABE","CAFEBABE","CAFEBABE","CAFEBABE","CAFEBABE","CAFEBABE","CAFEBABE","CAFEBABE","CAFEBABE","CAFEBABE","CAFEBABE","CAFEBABE","CAFEBABE","CAFEBABE","CAFEBABE","CAFEBABE","CAFEBABE","CAFEBABE","CAFEBABE","CAFEBABE","CAFEBABE","CAFEBABE","CAFEBABE","CAFEBABE","CAFEBABE","CAFEBABE","CAFEBABE","CAFEBABE","CAFEBABE","CAFEBABE","CAFEBABE","CAFEBABE","CAFEBABE","CAFEBABE","CAFEBABE","CAFEBABE","CAFEBABE","CAFEBABE","CAFEBABE","CAFEBABE","CAFEBABE","CAFEBABE","CAFEBABE","CAFEBABE","CAFEBABE","CAFEBABE","CAFEBABE","CAFEBABE","CAFEBABE","CAFEBABE","CAFEBABE","CAFEBABE","CAFEBABE","CAFEBABE","CAFEBABE","CAFEBABE","CAFEBABE","CAFEBABE","CAFEBABE","CAFEBABE","CAFEBABE","CAFEBABE","CAFEBABE","CAFEBABE","CAFEBABE","CAFEBABE","CAFEBABE","CAFEBABE","CAFEBABE","CAFEBABE","CAFEBABE","CAFEBABE","CAFEBABE","CAFEBABE","CAFEBABE","CAFEBABE","CAFEBABE","CAFEBABE","CAFEBABE","CAFEBABE","CAFEBABE","CAFEBABE","CAFEBABE","CAFEBABE","CAFEBABE","CAFEBABE","CAFEBABE","CAFEBABE","CAFEBABE","CAFEBABE","CAFEBABE","CAFEBABE","CAFEBABE","CAFEBABE","CAFEBABE","CAFEBABE","CAFEBABE","CAFEBABE","CAFEBABE","CAFEBABE","CAFEBABE","CAFEBABE","CAFEBABE","CAFEBABE","CAFEBABE","CAFEBABE","CAFEBABE","CAFEBABE","CAFEBABE","CAFEBABE","CAFEBABE","CAFEBABE","CAFEBABE","CAFEBABE","CAFEBABE","CAFEBABE","CAFEBABE","CAFEBABE","CAFEBABE","CAFEBABE","CAFEBABE","CAFEBABE","CAFEBABE","CAFEBABE","CAFEBABE","CAFEBABE","CAFEBABE","CAFEBABE","CAFEBABE","CAFEBABE","CAFEBABE","CAFEBABE","CAFEBABE","CAFEBABE","CAFEBABE","CAFEBABE","CAFEBABE","CAFEBABE","CAFEBABE","CAFEBABE","CAFEBABE","CAFEBABE","CAFEBABE","CAFEBABE","CAFEBABE","CAFEBABE","CAFEBABE","CAFEBABE","CAFEBABE","CAFEBABE","CAFEBABE","CAFEBABE","CAFEBABE","CAFEBABE","CAFEBABE","CAFEBABE","CAFEBABE","CAFEBABE","CAFEBABE","CAFEBABE","CAFEBABE","CAFEBABE","CAFEBABE","CAFEBABE","CAFEBABE","CAFEBABE","CAFEBABE","CAFEBABE","CAFEBABE","CAFEBABE","CAFEBABE","CAFEBABE","CAFEBABE","CAFEBABE","CAFEBABE","CAFEBABE","CAFEBABE","CAFEBABE","CAFEBABE"]' from bootstrap1 to '[SC_ROLLUP_HASH]'
Node is bootstrapped.
Estimated gas: 1934.007 units (will add 100 for safety)
Estimated storage: no bytes added
Operation successfully injected in the node.
Operation hash is '[OPERATION_HASH]'
NOT waiting for the operation to be included.
Use command
  tezos-client wait for [OPERATION_HASH] to be included --confirmations 1 --branch [BLOCK_HASH]
and/or an external block explorer to make sure that it has been included.
This sequence of operations was run:
  Manager signed operations:
    From: [PUBLIC_KEY_HASH]
    Fee to the baker: ꜩ0.006473
    Expected counter: 5
    Gas limit: 2035
    Storage limit: 0 bytes
    Balance updates:
      [PUBLIC_KEY_HASH] ... -ꜩ0.006473
      payload fees(the block proposer) ....... +ꜩ0.006473
    Add a message to the inbox of the smart contract rollup at address [SC_ROLLUP_HASH]
      This operation sending a message to a smart contract rollup was successfully applied
      Consumed gas: 1934.135
      Resulting inbox state: 
         rollup = [SC_ROLLUP_HASH]
         level = 6
         current messages hash  = CoWSNHkjFApjeRLdcwH7SueKLnNLHGbbNFkkYuoVYFQfochCm6Tq
         nb_available_messages = 2000
         nb_non_committed_messages = 2000
         message_counter = 500
         old_levels_messages = 
       content = CoWSNHkjFApjeRLdcwH7SueKLnNLHGbbNFkkYuoVYFQfochCm6Tq
       index = 4
       back_pointers = CoVboU5UucwasWVLsCRRFzLTMbgLhUZL9uK3wtPPiPt1wDVt12R1
      CoVboU5UucwasWVLsCRRFzLTMbgLhUZL9uK3wtPPiPt1wDVt12R1
      CoVboU5UucwasWVLsCRRFzLTMbgLhUZL9uK3wtPPiPt1wDVt12R1
    
    


./tezos-client --wait none send sc rollup message 'text:["CAFEBABE","CAFEBABE","CAFEBABE","CAFEBABE","CAFEBABE","CAFEBABE","CAFEBABE","CAFEBABE","CAFEBABE","CAFEBABE","CAFEBABE","CAFEBABE","CAFEBABE","CAFEBABE","CAFEBABE","CAFEBABE","CAFEBABE","CAFEBABE","CAFEBABE","CAFEBABE","CAFEBABE","CAFEBABE","CAFEBABE","CAFEBABE","CAFEBABE","CAFEBABE","CAFEBABE","CAFEBABE","CAFEBABE","CAFEBABE","CAFEBABE","CAFEBABE","CAFEBABE","CAFEBABE","CAFEBABE","CAFEBABE","CAFEBABE","CAFEBABE","CAFEBABE","CAFEBABE","CAFEBABE","CAFEBABE","CAFEBABE","CAFEBABE","CAFEBABE","CAFEBABE","CAFEBABE","CAFEBABE","CAFEBABE","CAFEBABE","CAFEBABE","CAFEBABE","CAFEBABE","CAFEBABE","CAFEBABE","CAFEBABE","CAFEBABE","CAFEBABE","CAFEBABE","CAFEBABE","CAFEBABE","CAFEBABE","CAFEBABE","CAFEBABE","CAFEBABE","CAFEBABE","CAFEBABE","CAFEBABE","CAFEBABE","CAFEBABE","CAFEBABE","CAFEBABE","CAFEBABE","CAFEBABE","CAFEBABE","CAFEBABE","CAFEBABE","CAFEBABE","CAFEBABE","CAFEBABE","CAFEBABE","CAFEBABE","CAFEBABE","CAFEBABE","CAFEBABE","CAFEBABE","CAFEBABE","CAFEBABE","CAFEBABE","CAFEBABE","CAFEBABE","CAFEBABE","CAFEBABE","CAFEBABE","CAFEBABE","CAFEBABE","CAFEBABE","CAFEBABE","CAFEBABE","CAFEBABE","CAFEBABE","CAFEBABE","CAFEBABE","CAFEBABE","CAFEBABE","CAFEBABE","CAFEBABE","CAFEBABE","CAFEBABE","CAFEBABE","CAFEBABE","CAFEBABE","CAFEBABE","CAFEBABE","CAFEBABE","CAFEBABE","CAFEBABE","CAFEBABE","CAFEBABE","CAFEBABE","CAFEBABE","CAFEBABE","CAFEBABE","CAFEBABE","CAFEBABE","CAFEBABE","CAFEBABE","CAFEBABE","CAFEBABE","CAFEBABE","CAFEBABE","CAFEBABE","CAFEBABE","CAFEBABE","CAFEBABE","CAFEBABE","CAFEBABE","CAFEBABE","CAFEBABE","CAFEBABE","CAFEBABE","CAFEBABE","CAFEBABE","CAFEBABE","CAFEBABE","CAFEBABE","CAFEBABE","CAFEBABE","CAFEBABE","CAFEBABE","CAFEBABE","CAFEBABE","CAFEBABE","CAFEBABE","CAFEBABE","CAFEBABE","CAFEBABE","CAFEBABE","CAFEBABE","CAFEBABE","CAFEBABE","CAFEBABE","CAFEBABE","CAFEBABE","CAFEBABE","CAFEBABE","CAFEBABE","CAFEBABE","CAFEBABE","CAFEBABE","CAFEBABE","CAFEBABE","CAFEBABE","CAFEBABE","CAFEBABE","CAFEBABE","CAFEBABE","CAFEBABE","CAFEBABE","CAFEBABE","CAFEBABE","CAFEBABE","CAFEBABE","CAFEBABE","CAFEBABE","CAFEBABE","CAFEBABE","CAFEBABE","CAFEBABE","CAFEBABE","CAFEBABE","CAFEBABE","CAFEBABE","CAFEBABE","CAFEBABE","CAFEBABE","CAFEBABE","CAFEBABE","CAFEBABE","CAFEBABE","CAFEBABE","CAFEBABE","CAFEBABE","CAFEBABE","CAFEBABE","CAFEBABE","CAFEBABE","CAFEBABE","CAFEBABE","CAFEBABE","CAFEBABE","CAFEBABE","CAFEBABE","CAFEBABE","CAFEBABE","CAFEBABE","CAFEBABE","CAFEBABE","CAFEBABE","CAFEBABE","CAFEBABE","CAFEBABE","CAFEBABE","CAFEBABE","CAFEBABE","CAFEBABE","CAFEBABE","CAFEBABE","CAFEBABE","CAFEBABE","CAFEBABE","CAFEBABE","CAFEBABE","CAFEBABE","CAFEBABE","CAFEBABE","CAFEBABE","CAFEBABE","CAFEBABE","CAFEBABE","CAFEBABE","CAFEBABE","CAFEBABE","CAFEBABE","CAFEBABE","CAFEBABE","CAFEBABE","CAFEBABE","CAFEBABE","CAFEBABE","CAFEBABE","CAFEBABE","CAFEBABE","CAFEBABE","CAFEBABE","CAFEBABE","CAFEBABE","CAFEBABE","CAFEBABE","CAFEBABE","CAFEBABE","CAFEBABE","CAFEBABE","CAFEBABE","CAFEBABE","CAFEBABE","CAFEBABE","CAFEBABE","CAFEBABE","CAFEBABE","CAFEBABE","CAFEBABE","CAFEBABE","CAFEBABE","CAFEBABE","CAFEBABE","CAFEBABE","CAFEBABE","CAFEBABE","CAFEBABE","CAFEBABE","CAFEBABE","CAFEBABE","CAFEBABE","CAFEBABE","CAFEBABE","CAFEBABE","CAFEBABE","CAFEBABE","CAFEBABE","CAFEBABE","CAFEBABE","CAFEBABE","CAFEBABE","CAFEBABE","CAFEBABE","CAFEBABE","CAFEBABE","CAFEBABE","CAFEBABE","CAFEBABE","CAFEBABE","CAFEBABE","CAFEBABE","CAFEBABE","CAFEBABE","CAFEBABE","CAFEBABE","CAFEBABE","CAFEBABE","CAFEBABE","CAFEBABE","CAFEBABE","CAFEBABE","CAFEBABE","CAFEBABE","CAFEBABE","CAFEBABE","CAFEBABE","CAFEBABE","CAFEBABE","CAFEBABE","CAFEBABE","CAFEBABE","CAFEBABE","CAFEBABE","CAFEBABE","CAFEBABE","CAFEBABE","CAFEBABE","CAFEBABE","CAFEBABE","CAFEBABE","CAFEBABE","CAFEBABE","CAFEBABE","CAFEBABE","CAFEBABE","CAFEBABE","CAFEBABE","CAFEBABE","CAFEBABE","CAFEBABE","CAFEBABE","CAFEBABE","CAFEBABE","CAFEBABE","CAFEBABE","CAFEBABE","CAFEBABE","CAFEBABE","CAFEBABE","CAFEBABE","CAFEBABE","CAFEBABE","CAFEBABE","CAFEBABE","CAFEBABE","CAFEBABE","CAFEBABE","CAFEBABE","CAFEBABE","CAFEBABE","CAFEBABE","CAFEBABE","CAFEBABE","CAFEBABE","CAFEBABE","CAFEBABE","CAFEBABE","CAFEBABE","CAFEBABE","CAFEBABE","CAFEBABE","CAFEBABE","CAFEBABE","CAFEBABE","CAFEBABE","CAFEBABE","CAFEBABE","CAFEBABE","CAFEBABE","CAFEBABE","CAFEBABE","CAFEBABE","CAFEBABE","CAFEBABE","CAFEBABE","CAFEBABE","CAFEBABE","CAFEBABE","CAFEBABE","CAFEBABE","CAFEBABE","CAFEBABE","CAFEBABE","CAFEBABE","CAFEBABE","CAFEBABE","CAFEBABE","CAFEBABE","CAFEBABE","CAFEBABE","CAFEBABE","CAFEBABE","CAFEBABE","CAFEBABE","CAFEBABE","CAFEBABE","CAFEBABE","CAFEBABE","CAFEBABE","CAFEBABE","CAFEBABE","CAFEBABE","CAFEBABE","CAFEBABE","CAFEBABE","CAFEBABE","CAFEBABE","CAFEBABE","CAFEBABE","CAFEBABE","CAFEBABE","CAFEBABE","CAFEBABE","CAFEBABE","CAFEBABE","CAFEBABE","CAFEBABE","CAFEBABE","CAFEBABE","CAFEBABE","CAFEBABE","CAFEBABE","CAFEBABE","CAFEBABE","CAFEBABE","CAFEBABE","CAFEBABE","CAFEBABE","CAFEBABE","CAFEBABE","CAFEBABE","CAFEBABE","CAFEBABE","CAFEBABE","CAFEBABE","CAFEBABE","CAFEBABE","CAFEBABE","CAFEBABE","CAFEBABE","CAFEBABE","CAFEBABE","CAFEBABE","CAFEBABE","CAFEBABE","CAFEBABE","CAFEBABE","CAFEBABE","CAFEBABE","CAFEBABE","CAFEBABE","CAFEBABE","CAFEBABE","CAFEBABE","CAFEBABE","CAFEBABE","CAFEBABE","CAFEBABE","CAFEBABE","CAFEBABE","CAFEBABE","CAFEBABE","CAFEBABE","CAFEBABE","CAFEBABE","CAFEBABE","CAFEBABE","CAFEBABE","CAFEBABE","CAFEBABE","CAFEBABE","CAFEBABE","CAFEBABE","CAFEBABE","CAFEBABE","CAFEBABE","CAFEBABE","CAFEBABE","CAFEBABE","CAFEBABE","CAFEBABE","CAFEBABE","CAFEBABE","CAFEBABE","CAFEBABE","CAFEBABE","CAFEBABE"]' from bootstrap1 to '[SC_ROLLUP_HASH]'
Node is bootstrapped.
Estimated gas: 1934.214 units (will add 100 for safety)
Estimated storage: no bytes added
Operation successfully injected in the node.
Operation hash is '[OPERATION_HASH]'
NOT waiting for the operation to be included.
Use command
  tezos-client wait for [OPERATION_HASH] to be included --confirmations 1 --branch [BLOCK_HASH]
and/or an external block explorer to make sure that it has been included.
This sequence of operations was run:
  Manager signed operations:
    From: [PUBLIC_KEY_HASH]
    Fee to the baker: ꜩ0.006473
    Expected counter: 6
    Gas limit: 2035
    Storage limit: 0 bytes
    Balance updates:
      [PUBLIC_KEY_HASH] ... -ꜩ0.006473
      payload fees(the block proposer) ....... +ꜩ0.006473
    Add a message to the inbox of the smart contract rollup at address [SC_ROLLUP_HASH]
      This operation sending a message to a smart contract rollup was successfully applied
      Consumed gas: 1934.214
      Resulting inbox state: 
         rollup = [SC_ROLLUP_HASH]
         level = 7
         current messages hash  = CoWSNHkjFApjeRLdcwH7SueKLnNLHGbbNFkkYuoVYFQfochCm6Tq
         nb_available_messages = 2500
         nb_non_committed_messages = 2500
         message_counter = 500
         old_levels_messages = 
       content = CoWSNHkjFApjeRLdcwH7SueKLnNLHGbbNFkkYuoVYFQfochCm6Tq
       index = 5
       back_pointers = CoV1VVSMVjvJprvvRorDbNsn7JV5AdUua6GpXyjF9dGZg535iXjV
      CoVboU5UucwasWVLsCRRFzLTMbgLhUZL9uK3wtPPiPt1wDVt12R1
      CoVboU5UucwasWVLsCRRFzLTMbgLhUZL9uK3wtPPiPt1wDVt12R1
    
    


./tezos-client --wait none send sc rollup message 'text:["CAFEBABE","CAFEBABE","CAFEBABE","CAFEBABE","CAFEBABE","CAFEBABE","CAFEBABE","CAFEBABE","CAFEBABE","CAFEBABE","CAFEBABE","CAFEBABE","CAFEBABE","CAFEBABE","CAFEBABE","CAFEBABE","CAFEBABE","CAFEBABE","CAFEBABE","CAFEBABE","CAFEBABE","CAFEBABE","CAFEBABE","CAFEBABE","CAFEBABE","CAFEBABE","CAFEBABE","CAFEBABE","CAFEBABE","CAFEBABE","CAFEBABE","CAFEBABE","CAFEBABE","CAFEBABE","CAFEBABE","CAFEBABE","CAFEBABE","CAFEBABE","CAFEBABE","CAFEBABE","CAFEBABE","CAFEBABE","CAFEBABE","CAFEBABE","CAFEBABE","CAFEBABE","CAFEBABE","CAFEBABE","CAFEBABE","CAFEBABE","CAFEBABE","CAFEBABE","CAFEBABE","CAFEBABE","CAFEBABE","CAFEBABE","CAFEBABE","CAFEBABE","CAFEBABE","CAFEBABE","CAFEBABE","CAFEBABE","CAFEBABE","CAFEBABE","CAFEBABE","CAFEBABE","CAFEBABE","CAFEBABE","CAFEBABE","CAFEBABE","CAFEBABE","CAFEBABE","CAFEBABE","CAFEBABE","CAFEBABE","CAFEBABE","CAFEBABE","CAFEBABE","CAFEBABE","CAFEBABE","CAFEBABE","CAFEBABE","CAFEBABE","CAFEBABE","CAFEBABE","CAFEBABE","CAFEBABE","CAFEBABE","CAFEBABE","CAFEBABE","CAFEBABE","CAFEBABE","CAFEBABE","CAFEBABE","CAFEBABE","CAFEBABE","CAFEBABE","CAFEBABE","CAFEBABE","CAFEBABE","CAFEBABE","CAFEBABE","CAFEBABE","CAFEBABE","CAFEBABE","CAFEBABE","CAFEBABE","CAFEBABE","CAFEBABE","CAFEBABE","CAFEBABE","CAFEBABE","CAFEBABE","CAFEBABE","CAFEBABE","CAFEBABE","CAFEBABE","CAFEBABE","CAFEBABE","CAFEBABE","CAFEBABE","CAFEBABE","CAFEBABE","CAFEBABE","CAFEBABE","CAFEBABE","CAFEBABE","CAFEBABE","CAFEBABE","CAFEBABE","CAFEBABE","CAFEBABE","CAFEBABE","CAFEBABE","CAFEBABE","CAFEBABE","CAFEBABE","CAFEBABE","CAFEBABE","CAFEBABE","CAFEBABE","CAFEBABE","CAFEBABE","CAFEBABE","CAFEBABE","CAFEBABE","CAFEBABE","CAFEBABE","CAFEBABE","CAFEBABE","CAFEBABE","CAFEBABE","CAFEBABE","CAFEBABE","CAFEBABE","CAFEBABE","CAFEBABE","CAFEBABE","CAFEBABE","CAFEBABE","CAFEBABE","CAFEBABE","CAFEBABE","CAFEBABE","CAFEBABE","CAFEBABE","CAFEBABE","CAFEBABE","CAFEBABE","CAFEBABE","CAFEBABE","CAFEBABE","CAFEBABE","CAFEBABE","CAFEBABE","CAFEBABE","CAFEBABE","CAFEBABE","CAFEBABE","CAFEBABE","CAFEBABE","CAFEBABE","CAFEBABE","CAFEBABE","CAFEBABE","CAFEBABE","CAFEBABE","CAFEBABE","CAFEBABE","CAFEBABE","CAFEBABE","CAFEBABE","CAFEBABE","CAFEBABE","CAFEBABE","CAFEBABE","CAFEBABE","CAFEBABE","CAFEBABE","CAFEBABE","CAFEBABE","CAFEBABE","CAFEBABE","CAFEBABE","CAFEBABE","CAFEBABE","CAFEBABE","CAFEBABE","CAFEBABE","CAFEBABE","CAFEBABE","CAFEBABE","CAFEBABE","CAFEBABE","CAFEBABE","CAFEBABE","CAFEBABE","CAFEBABE","CAFEBABE","CAFEBABE","CAFEBABE","CAFEBABE","CAFEBABE","CAFEBABE","CAFEBABE","CAFEBABE","CAFEBABE","CAFEBABE","CAFEBABE","CAFEBABE","CAFEBABE","CAFEBABE","CAFEBABE","CAFEBABE","CAFEBABE","CAFEBABE","CAFEBABE","CAFEBABE","CAFEBABE","CAFEBABE","CAFEBABE","CAFEBABE","CAFEBABE","CAFEBABE","CAFEBABE","CAFEBABE","CAFEBABE","CAFEBABE","CAFEBABE","CAFEBABE","CAFEBABE","CAFEBABE","CAFEBABE","CAFEBABE","CAFEBABE","CAFEBABE","CAFEBABE","CAFEBABE","CAFEBABE","CAFEBABE","CAFEBABE","CAFEBABE","CAFEBABE","CAFEBABE","CAFEBABE","CAFEBABE","CAFEBABE","CAFEBABE","CAFEBABE","CAFEBABE","CAFEBABE","CAFEBABE","CAFEBABE","CAFEBABE","CAFEBABE","CAFEBABE","CAFEBABE","CAFEBABE","CAFEBABE","CAFEBABE","CAFEBABE","CAFEBABE","CAFEBABE","CAFEBABE","CAFEBABE","CAFEBABE","CAFEBABE","CAFEBABE","CAFEBABE","CAFEBABE","CAFEBABE","CAFEBABE","CAFEBABE","CAFEBABE","CAFEBABE","CAFEBABE","CAFEBABE","CAFEBABE","CAFEBABE","CAFEBABE","CAFEBABE","CAFEBABE","CAFEBABE","CAFEBABE","CAFEBABE","CAFEBABE","CAFEBABE","CAFEBABE","CAFEBABE","CAFEBABE","CAFEBABE","CAFEBABE","CAFEBABE","CAFEBABE","CAFEBABE","CAFEBABE","CAFEBABE","CAFEBABE","CAFEBABE","CAFEBABE","CAFEBABE","CAFEBABE","CAFEBABE","CAFEBABE","CAFEBABE","CAFEBABE","CAFEBABE","CAFEBABE","CAFEBABE","CAFEBABE","CAFEBABE","CAFEBABE","CAFEBABE","CAFEBABE","CAFEBABE","CAFEBABE","CAFEBABE","CAFEBABE","CAFEBABE","CAFEBABE","CAFEBABE","CAFEBABE","CAFEBABE","CAFEBABE","CAFEBABE","CAFEBABE","CAFEBABE","CAFEBABE","CAFEBABE","CAFEBABE","CAFEBABE","CAFEBABE","CAFEBABE","CAFEBABE","CAFEBABE","CAFEBABE","CAFEBABE","CAFEBABE","CAFEBABE","CAFEBABE","CAFEBABE","CAFEBABE","CAFEBABE","CAFEBABE","CAFEBABE","CAFEBABE","CAFEBABE","CAFEBABE","CAFEBABE","CAFEBABE","CAFEBABE","CAFEBABE","CAFEBABE","CAFEBABE","CAFEBABE","CAFEBABE","CAFEBABE","CAFEBABE","CAFEBABE","CAFEBABE","CAFEBABE","CAFEBABE","CAFEBABE","CAFEBABE","CAFEBABE","CAFEBABE","CAFEBABE","CAFEBABE","CAFEBABE","CAFEBABE","CAFEBABE","CAFEBABE","CAFEBABE","CAFEBABE","CAFEBABE","CAFEBABE","CAFEBABE","CAFEBABE","CAFEBABE","CAFEBABE","CAFEBABE","CAFEBABE","CAFEBABE","CAFEBABE","CAFEBABE","CAFEBABE","CAFEBABE","CAFEBABE","CAFEBABE","CAFEBABE","CAFEBABE","CAFEBABE","CAFEBABE","CAFEBABE","CAFEBABE","CAFEBABE","CAFEBABE","CAFEBABE","CAFEBABE","CAFEBABE","CAFEBABE","CAFEBABE","CAFEBABE","CAFEBABE","CAFEBABE","CAFEBABE","CAFEBABE","CAFEBABE","CAFEBABE","CAFEBABE","CAFEBABE","CAFEBABE","CAFEBABE","CAFEBABE","CAFEBABE","CAFEBABE","CAFEBABE","CAFEBABE","CAFEBABE","CAFEBABE","CAFEBABE","CAFEBABE","CAFEBABE","CAFEBABE","CAFEBABE","CAFEBABE","CAFEBABE","CAFEBABE","CAFEBABE","CAFEBABE","CAFEBABE","CAFEBABE","CAFEBABE","CAFEBABE","CAFEBABE","CAFEBABE","CAFEBABE","CAFEBABE","CAFEBABE","CAFEBABE","CAFEBABE","CAFEBABE","CAFEBABE","CAFEBABE","CAFEBABE","CAFEBABE","CAFEBABE","CAFEBABE","CAFEBABE","CAFEBABE","CAFEBABE","CAFEBABE","CAFEBABE","CAFEBABE","CAFEBABE","CAFEBABE","CAFEBABE","CAFEBABE","CAFEBABE","CAFEBABE","CAFEBABE","CAFEBABE","CAFEBABE","CAFEBABE","CAFEBABE","CAFEBABE","CAFEBABE","CAFEBABE","CAFEBABE","CAFEBABE","CAFEBABE","CAFEBABE","CAFEBABE","CAFEBABE","CAFEBABE","CAFEBABE","CAFEBABE","CAFEBABE","CAFEBABE","CAFEBABE"]' from bootstrap1 to '[SC_ROLLUP_HASH]'
Node is bootstrapped.
Estimated gas: 1934.214 units (will add 100 for safety)
Estimated storage: no bytes added
Operation successfully injected in the node.
Operation hash is '[OPERATION_HASH]'
NOT waiting for the operation to be included.
Use command
  tezos-client wait for [OPERATION_HASH] to be included --confirmations 1 --branch [BLOCK_HASH]
and/or an external block explorer to make sure that it has been included.
This sequence of operations was run:
  Manager signed operations:
    From: [PUBLIC_KEY_HASH]
    Fee to the baker: ꜩ0.006473
    Expected counter: 7
    Gas limit: 2035
    Storage limit: 0 bytes
    Balance updates:
      [PUBLIC_KEY_HASH] ... -ꜩ0.006473
      payload fees(the block proposer) ....... +ꜩ0.006473
    Add a message to the inbox of the smart contract rollup at address [SC_ROLLUP_HASH]
      This operation sending a message to a smart contract rollup was successfully applied
      Consumed gas: 1934.214
      Resulting inbox state: 
         rollup = [SC_ROLLUP_HASH]
         level = 8
         current messages hash  = CoWSNHkjFApjeRLdcwH7SueKLnNLHGbbNFkkYuoVYFQfochCm6Tq
         nb_available_messages = 3000
         nb_non_committed_messages = 3000
         message_counter = 500
         old_levels_messages = 
       content = CoWSNHkjFApjeRLdcwH7SueKLnNLHGbbNFkkYuoVYFQfochCm6Tq
       index = 6
       back_pointers = CoWLN5sHKEpJgox3fZNabeL4B6TUBL22LR9fbrRFRkQ7yWvNhW81
      CoWLN5sHKEpJgox3fZNabeL4B6TUBL22LR9fbrRFRkQ7yWvNhW81
      CoVboU5UucwasWVLsCRRFzLTMbgLhUZL9uK3wtPPiPt1wDVt12R1
    
    


./tezos-client --wait none send sc rollup message 'text:["CAFEBABE","CAFEBABE","CAFEBABE","CAFEBABE","CAFEBABE","CAFEBABE","CAFEBABE","CAFEBABE","CAFEBABE","CAFEBABE","CAFEBABE","CAFEBABE","CAFEBABE","CAFEBABE","CAFEBABE","CAFEBABE","CAFEBABE","CAFEBABE","CAFEBABE","CAFEBABE","CAFEBABE","CAFEBABE","CAFEBABE","CAFEBABE","CAFEBABE","CAFEBABE","CAFEBABE","CAFEBABE","CAFEBABE","CAFEBABE","CAFEBABE","CAFEBABE","CAFEBABE","CAFEBABE","CAFEBABE","CAFEBABE","CAFEBABE","CAFEBABE","CAFEBABE","CAFEBABE","CAFEBABE","CAFEBABE","CAFEBABE","CAFEBABE","CAFEBABE","CAFEBABE","CAFEBABE","CAFEBABE","CAFEBABE","CAFEBABE","CAFEBABE","CAFEBABE","CAFEBABE","CAFEBABE","CAFEBABE","CAFEBABE","CAFEBABE","CAFEBABE","CAFEBABE","CAFEBABE","CAFEBABE","CAFEBABE","CAFEBABE","CAFEBABE","CAFEBABE","CAFEBABE","CAFEBABE","CAFEBABE","CAFEBABE","CAFEBABE","CAFEBABE","CAFEBABE","CAFEBABE","CAFEBABE","CAFEBABE","CAFEBABE","CAFEBABE","CAFEBABE","CAFEBABE","CAFEBABE","CAFEBABE","CAFEBABE","CAFEBABE","CAFEBABE","CAFEBABE","CAFEBABE","CAFEBABE","CAFEBABE","CAFEBABE","CAFEBABE","CAFEBABE","CAFEBABE","CAFEBABE","CAFEBABE","CAFEBABE","CAFEBABE","CAFEBABE","CAFEBABE","CAFEBABE","CAFEBABE","CAFEBABE","CAFEBABE","CAFEBABE","CAFEBABE","CAFEBABE","CAFEBABE","CAFEBABE","CAFEBABE","CAFEBABE","CAFEBABE","CAFEBABE","CAFEBABE","CAFEBABE","CAFEBABE","CAFEBABE","CAFEBABE","CAFEBABE","CAFEBABE","CAFEBABE","CAFEBABE","CAFEBABE","CAFEBABE","CAFEBABE","CAFEBABE","CAFEBABE","CAFEBABE","CAFEBABE","CAFEBABE","CAFEBABE","CAFEBABE","CAFEBABE","CAFEBABE","CAFEBABE","CAFEBABE","CAFEBABE","CAFEBABE","CAFEBABE","CAFEBABE","CAFEBABE","CAFEBABE","CAFEBABE","CAFEBABE","CAFEBABE","CAFEBABE","CAFEBABE","CAFEBABE","CAFEBABE","CAFEBABE","CAFEBABE","CAFEBABE","CAFEBABE","CAFEBABE","CAFEBABE","CAFEBABE","CAFEBABE","CAFEBABE","CAFEBABE","CAFEBABE","CAFEBABE","CAFEBABE","CAFEBABE","CAFEBABE","CAFEBABE","CAFEBABE","CAFEBABE","CAFEBABE","CAFEBABE","CAFEBABE","CAFEBABE","CAFEBABE","CAFEBABE","CAFEBABE","CAFEBABE","CAFEBABE","CAFEBABE","CAFEBABE","CAFEBABE","CAFEBABE","CAFEBABE","CAFEBABE","CAFEBABE","CAFEBABE","CAFEBABE","CAFEBABE","CAFEBABE","CAFEBABE","CAFEBABE","CAFEBABE","CAFEBABE","CAFEBABE","CAFEBABE","CAFEBABE","CAFEBABE","CAFEBABE","CAFEBABE","CAFEBABE","CAFEBABE","CAFEBABE","CAFEBABE","CAFEBABE","CAFEBABE","CAFEBABE","CAFEBABE","CAFEBABE","CAFEBABE","CAFEBABE","CAFEBABE","CAFEBABE","CAFEBABE","CAFEBABE","CAFEBABE","CAFEBABE","CAFEBABE","CAFEBABE","CAFEBABE","CAFEBABE","CAFEBABE","CAFEBABE","CAFEBABE","CAFEBABE","CAFEBABE","CAFEBABE","CAFEBABE","CAFEBABE","CAFEBABE","CAFEBABE","CAFEBABE","CAFEBABE","CAFEBABE","CAFEBABE","CAFEBABE","CAFEBABE","CAFEBABE","CAFEBABE","CAFEBABE","CAFEBABE","CAFEBABE","CAFEBABE","CAFEBABE","CAFEBABE","CAFEBABE","CAFEBABE","CAFEBABE","CAFEBABE","CAFEBABE","CAFEBABE","CAFEBABE","CAFEBABE","CAFEBABE","CAFEBABE","CAFEBABE","CAFEBABE","CAFEBABE","CAFEBABE","CAFEBABE","CAFEBABE","CAFEBABE","CAFEBABE","CAFEBABE","CAFEBABE","CAFEBABE","CAFEBABE","CAFEBABE","CAFEBABE","CAFEBABE","CAFEBABE","CAFEBABE","CAFEBABE","CAFEBABE","CAFEBABE","CAFEBABE","CAFEBABE","CAFEBABE","CAFEBABE","CAFEBABE","CAFEBABE","CAFEBABE","CAFEBABE","CAFEBABE","CAFEBABE","CAFEBABE","CAFEBABE","CAFEBABE","CAFEBABE","CAFEBABE","CAFEBABE","CAFEBABE","CAFEBABE","CAFEBABE","CAFEBABE","CAFEBABE","CAFEBABE","CAFEBABE","CAFEBABE","CAFEBABE","CAFEBABE","CAFEBABE","CAFEBABE","CAFEBABE","CAFEBABE","CAFEBABE","CAFEBABE","CAFEBABE","CAFEBABE","CAFEBABE","CAFEBABE","CAFEBABE","CAFEBABE","CAFEBABE","CAFEBABE","CAFEBABE","CAFEBABE","CAFEBABE","CAFEBABE","CAFEBABE","CAFEBABE","CAFEBABE","CAFEBABE","CAFEBABE","CAFEBABE","CAFEBABE","CAFEBABE","CAFEBABE","CAFEBABE","CAFEBABE","CAFEBABE","CAFEBABE","CAFEBABE","CAFEBABE","CAFEBABE","CAFEBABE","CAFEBABE","CAFEBABE","CAFEBABE","CAFEBABE","CAFEBABE","CAFEBABE","CAFEBABE","CAFEBABE","CAFEBABE","CAFEBABE","CAFEBABE","CAFEBABE","CAFEBABE","CAFEBABE","CAFEBABE","CAFEBABE","CAFEBABE","CAFEBABE","CAFEBABE","CAFEBABE","CAFEBABE","CAFEBABE","CAFEBABE","CAFEBABE","CAFEBABE","CAFEBABE","CAFEBABE","CAFEBABE","CAFEBABE","CAFEBABE","CAFEBABE","CAFEBABE","CAFEBABE","CAFEBABE","CAFEBABE","CAFEBABE","CAFEBABE","CAFEBABE","CAFEBABE","CAFEBABE","CAFEBABE","CAFEBABE","CAFEBABE","CAFEBABE","CAFEBABE","CAFEBABE","CAFEBABE","CAFEBABE","CAFEBABE","CAFEBABE","CAFEBABE","CAFEBABE","CAFEBABE","CAFEBABE","CAFEBABE","CAFEBABE","CAFEBABE","CAFEBABE","CAFEBABE","CAFEBABE","CAFEBABE","CAFEBABE","CAFEBABE","CAFEBABE","CAFEBABE","CAFEBABE","CAFEBABE","CAFEBABE","CAFEBABE","CAFEBABE","CAFEBABE","CAFEBABE","CAFEBABE","CAFEBABE","CAFEBABE","CAFEBABE","CAFEBABE","CAFEBABE","CAFEBABE","CAFEBABE","CAFEBABE","CAFEBABE","CAFEBABE","CAFEBABE","CAFEBABE","CAFEBABE","CAFEBABE","CAFEBABE","CAFEBABE","CAFEBABE","CAFEBABE","CAFEBABE","CAFEBABE","CAFEBABE","CAFEBABE","CAFEBABE","CAFEBABE","CAFEBABE","CAFEBABE","CAFEBABE","CAFEBABE","CAFEBABE","CAFEBABE","CAFEBABE","CAFEBABE","CAFEBABE","CAFEBABE","CAFEBABE","CAFEBABE","CAFEBABE","CAFEBABE","CAFEBABE","CAFEBABE","CAFEBABE","CAFEBABE","CAFEBABE","CAFEBABE","CAFEBABE","CAFEBABE","CAFEBABE","CAFEBABE","CAFEBABE","CAFEBABE","CAFEBABE","CAFEBABE","CAFEBABE","CAFEBABE","CAFEBABE","CAFEBABE","CAFEBABE","CAFEBABE","CAFEBABE","CAFEBABE","CAFEBABE","CAFEBABE","CAFEBABE","CAFEBABE","CAFEBABE","CAFEBABE","CAFEBABE","CAFEBABE","CAFEBABE","CAFEBABE","CAFEBABE","CAFEBABE","CAFEBABE","CAFEBABE","CAFEBABE","CAFEBABE","CAFEBABE","CAFEBABE","CAFEBABE","CAFEBABE","CAFEBABE","CAFEBABE","CAFEBABE","CAFEBABE","CAFEBABE","CAFEBABE","CAFEBABE","CAFEBABE","CAFEBABE","CAFEBABE","CAFEBABE","CAFEBABE","CAFEBABE","CAFEBABE","CAFEBABE","CAFEBABE"]' from bootstrap1 to '[SC_ROLLUP_HASH]'
Node is bootstrapped.
Estimated gas: 1934.214 units (will add 100 for safety)
Estimated storage: no bytes added
Operation successfully injected in the node.
Operation hash is '[OPERATION_HASH]'
NOT waiting for the operation to be included.
Use command
  tezos-client wait for [OPERATION_HASH] to be included --confirmations 1 --branch [BLOCK_HASH]
and/or an external block explorer to make sure that it has been included.
This sequence of operations was run:
  Manager signed operations:
    From: [PUBLIC_KEY_HASH]
    Fee to the baker: ꜩ0.006473
    Expected counter: 8
    Gas limit: 2035
    Storage limit: 0 bytes
    Balance updates:
      [PUBLIC_KEY_HASH] ... -ꜩ0.006473
      payload fees(the block proposer) ....... +ꜩ0.006473
    Add a message to the inbox of the smart contract rollup at address [SC_ROLLUP_HASH]
      This operation sending a message to a smart contract rollup was successfully applied
      Consumed gas: 1934.214
      Resulting inbox state: 
         rollup = [SC_ROLLUP_HASH]
         level = 9
         current messages hash  = CoWSNHkjFApjeRLdcwH7SueKLnNLHGbbNFkkYuoVYFQfochCm6Tq
         nb_available_messages = 3500
         nb_non_committed_messages = 3500
         message_counter = 500
         old_levels_messages = 
       content = CoWSNHkjFApjeRLdcwH7SueKLnNLHGbbNFkkYuoVYFQfochCm6Tq
       index = 7
       back_pointers = CoWScXxKjsRjR59uyhbBaxviz9nAPfKuUheVi32mYbM1gjxHz45o
      CoWLN5sHKEpJgox3fZNabeL4B6TUBL22LR9fbrRFRkQ7yWvNhW81
      CoVboU5UucwasWVLsCRRFzLTMbgLhUZL9uK3wtPPiPt1wDVt12R1
    
    


./tezos-client --wait none send sc rollup message 'text:["CAFEBABE","CAFEBABE","CAFEBABE","CAFEBABE","CAFEBABE","CAFEBABE","CAFEBABE","CAFEBABE","CAFEBABE","CAFEBABE","CAFEBABE","CAFEBABE","CAFEBABE","CAFEBABE","CAFEBABE","CAFEBABE","CAFEBABE","CAFEBABE","CAFEBABE","CAFEBABE","CAFEBABE","CAFEBABE","CAFEBABE","CAFEBABE","CAFEBABE","CAFEBABE","CAFEBABE","CAFEBABE","CAFEBABE","CAFEBABE","CAFEBABE","CAFEBABE","CAFEBABE","CAFEBABE","CAFEBABE","CAFEBABE","CAFEBABE","CAFEBABE","CAFEBABE","CAFEBABE","CAFEBABE","CAFEBABE","CAFEBABE","CAFEBABE","CAFEBABE","CAFEBABE","CAFEBABE","CAFEBABE","CAFEBABE","CAFEBABE","CAFEBABE","CAFEBABE","CAFEBABE","CAFEBABE","CAFEBABE","CAFEBABE","CAFEBABE","CAFEBABE","CAFEBABE","CAFEBABE","CAFEBABE","CAFEBABE","CAFEBABE","CAFEBABE","CAFEBABE","CAFEBABE","CAFEBABE","CAFEBABE","CAFEBABE","CAFEBABE","CAFEBABE","CAFEBABE","CAFEBABE","CAFEBABE","CAFEBABE","CAFEBABE","CAFEBABE","CAFEBABE","CAFEBABE","CAFEBABE","CAFEBABE","CAFEBABE","CAFEBABE","CAFEBABE","CAFEBABE","CAFEBABE","CAFEBABE","CAFEBABE","CAFEBABE","CAFEBABE","CAFEBABE","CAFEBABE","CAFEBABE","CAFEBABE","CAFEBABE","CAFEBABE","CAFEBABE","CAFEBABE","CAFEBABE","CAFEBABE","CAFEBABE","CAFEBABE","CAFEBABE","CAFEBABE","CAFEBABE","CAFEBABE","CAFEBABE","CAFEBABE","CAFEBABE","CAFEBABE","CAFEBABE","CAFEBABE","CAFEBABE","CAFEBABE","CAFEBABE","CAFEBABE","CAFEBABE","CAFEBABE","CAFEBABE","CAFEBABE","CAFEBABE","CAFEBABE","CAFEBABE","CAFEBABE","CAFEBABE","CAFEBABE","CAFEBABE","CAFEBABE","CAFEBABE","CAFEBABE","CAFEBABE","CAFEBABE","CAFEBABE","CAFEBABE","CAFEBABE","CAFEBABE","CAFEBABE","CAFEBABE","CAFEBABE","CAFEBABE","CAFEBABE","CAFEBABE","CAFEBABE","CAFEBABE","CAFEBABE","CAFEBABE","CAFEBABE","CAFEBABE","CAFEBABE","CAFEBABE","CAFEBABE","CAFEBABE","CAFEBABE","CAFEBABE","CAFEBABE","CAFEBABE","CAFEBABE","CAFEBABE","CAFEBABE","CAFEBABE","CAFEBABE","CAFEBABE","CAFEBABE","CAFEBABE","CAFEBABE","CAFEBABE","CAFEBABE","CAFEBABE","CAFEBABE","CAFEBABE","CAFEBABE","CAFEBABE","CAFEBABE","CAFEBABE","CAFEBABE","CAFEBABE","CAFEBABE","CAFEBABE","CAFEBABE","CAFEBABE","CAFEBABE","CAFEBABE","CAFEBABE","CAFEBABE","CAFEBABE","CAFEBABE","CAFEBABE","CAFEBABE","CAFEBABE","CAFEBABE","CAFEBABE","CAFEBABE","CAFEBABE","CAFEBABE","CAFEBABE","CAFEBABE","CAFEBABE","CAFEBABE","CAFEBABE","CAFEBABE","CAFEBABE","CAFEBABE","CAFEBABE","CAFEBABE","CAFEBABE","CAFEBABE","CAFEBABE","CAFEBABE","CAFEBABE","CAFEBABE","CAFEBABE","CAFEBABE","CAFEBABE","CAFEBABE","CAFEBABE","CAFEBABE","CAFEBABE","CAFEBABE","CAFEBABE","CAFEBABE","CAFEBABE","CAFEBABE","CAFEBABE","CAFEBABE","CAFEBABE","CAFEBABE","CAFEBABE","CAFEBABE","CAFEBABE","CAFEBABE","CAFEBABE","CAFEBABE","CAFEBABE","CAFEBABE","CAFEBABE","CAFEBABE","CAFEBABE","CAFEBABE","CAFEBABE","CAFEBABE","CAFEBABE","CAFEBABE","CAFEBABE","CAFEBABE","CAFEBABE","CAFEBABE","CAFEBABE","CAFEBABE","CAFEBABE","CAFEBABE","CAFEBABE","CAFEBABE","CAFEBABE","CAFEBABE","CAFEBABE","CAFEBABE","CAFEBABE","CAFEBABE","CAFEBABE","CAFEBABE","CAFEBABE","CAFEBABE","CAFEBABE","CAFEBABE","CAFEBABE","CAFEBABE","CAFEBABE","CAFEBABE","CAFEBABE","CAFEBABE","CAFEBABE","CAFEBABE","CAFEBABE","CAFEBABE","CAFEBABE","CAFEBABE","CAFEBABE","CAFEBABE","CAFEBABE","CAFEBABE","CAFEBABE","CAFEBABE","CAFEBABE","CAFEBABE","CAFEBABE","CAFEBABE","CAFEBABE","CAFEBABE","CAFEBABE","CAFEBABE","CAFEBABE","CAFEBABE","CAFEBABE","CAFEBABE","CAFEBABE","CAFEBABE","CAFEBABE","CAFEBABE","CAFEBABE","CAFEBABE","CAFEBABE","CAFEBABE","CAFEBABE","CAFEBABE","CAFEBABE","CAFEBABE","CAFEBABE","CAFEBABE","CAFEBABE","CAFEBABE","CAFEBABE","CAFEBABE","CAFEBABE","CAFEBABE","CAFEBABE","CAFEBABE","CAFEBABE","CAFEBABE","CAFEBABE","CAFEBABE","CAFEBABE","CAFEBABE","CAFEBABE","CAFEBABE","CAFEBABE","CAFEBABE","CAFEBABE","CAFEBABE","CAFEBABE","CAFEBABE","CAFEBABE","CAFEBABE","CAFEBABE","CAFEBABE","CAFEBABE","CAFEBABE","CAFEBABE","CAFEBABE","CAFEBABE","CAFEBABE","CAFEBABE","CAFEBABE","CAFEBABE","CAFEBABE","CAFEBABE","CAFEBABE","CAFEBABE","CAFEBABE","CAFEBABE","CAFEBABE","CAFEBABE","CAFEBABE","CAFEBABE","CAFEBABE","CAFEBABE","CAFEBABE","CAFEBABE","CAFEBABE","CAFEBABE","CAFEBABE","CAFEBABE","CAFEBABE","CAFEBABE","CAFEBABE","CAFEBABE","CAFEBABE","CAFEBABE","CAFEBABE","CAFEBABE","CAFEBABE","CAFEBABE","CAFEBABE","CAFEBABE","CAFEBABE","CAFEBABE","CAFEBABE","CAFEBABE","CAFEBABE","CAFEBABE","CAFEBABE","CAFEBABE","CAFEBABE","CAFEBABE","CAFEBABE","CAFEBABE","CAFEBABE","CAFEBABE","CAFEBABE","CAFEBABE","CAFEBABE","CAFEBABE","CAFEBABE","CAFEBABE","CAFEBABE","CAFEBABE","CAFEBABE","CAFEBABE","CAFEBABE","CAFEBABE","CAFEBABE","CAFEBABE","CAFEBABE","CAFEBABE","CAFEBABE","CAFEBABE","CAFEBABE","CAFEBABE","CAFEBABE","CAFEBABE","CAFEBABE","CAFEBABE","CAFEBABE","CAFEBABE","CAFEBABE","CAFEBABE","CAFEBABE","CAFEBABE","CAFEBABE","CAFEBABE","CAFEBABE","CAFEBABE","CAFEBABE","CAFEBABE","CAFEBABE","CAFEBABE","CAFEBABE","CAFEBABE","CAFEBABE","CAFEBABE","CAFEBABE","CAFEBABE","CAFEBABE","CAFEBABE","CAFEBABE","CAFEBABE","CAFEBABE","CAFEBABE","CAFEBABE","CAFEBABE","CAFEBABE","CAFEBABE","CAFEBABE","CAFEBABE","CAFEBABE","CAFEBABE","CAFEBABE","CAFEBABE","CAFEBABE","CAFEBABE","CAFEBABE","CAFEBABE","CAFEBABE","CAFEBABE","CAFEBABE","CAFEBABE","CAFEBABE","CAFEBABE","CAFEBABE","CAFEBABE","CAFEBABE","CAFEBABE","CAFEBABE","CAFEBABE","CAFEBABE","CAFEBABE","CAFEBABE","CAFEBABE","CAFEBABE","CAFEBABE","CAFEBABE","CAFEBABE","CAFEBABE","CAFEBABE","CAFEBABE","CAFEBABE","CAFEBABE","CAFEBABE","CAFEBABE","CAFEBABE","CAFEBABE","CAFEBABE","CAFEBABE","CAFEBABE","CAFEBABE","CAFEBABE","CAFEBABE","CAFEBABE","CAFEBABE","CAFEBABE","CAFEBABE","CAFEBABE","CAFEBABE","CAFEBABE","CAFEBABE","CAFEBABE","CAFEBABE","CAFEBABE","CAFEBABE","CAFEBABE","CAFEBABE"]' from bootstrap1 to '[SC_ROLLUP_HASH]'
Node is bootstrapped.
Estimated gas: 1934.214 units (will add 100 for safety)
Estimated storage: no bytes added
Operation successfully injected in the node.
Operation hash is '[OPERATION_HASH]'
NOT waiting for the operation to be included.
Use command
  tezos-client wait for [OPERATION_HASH] to be included --confirmations 1 --branch [BLOCK_HASH]
and/or an external block explorer to make sure that it has been included.
This sequence of operations was run:
  Manager signed operations:
    From: [PUBLIC_KEY_HASH]
    Fee to the baker: ꜩ0.006473
    Expected counter: 9
    Gas limit: 2035
    Storage limit: 0 bytes
    Balance updates:
      [PUBLIC_KEY_HASH] ... -ꜩ0.006473
      payload fees(the block proposer) ....... +ꜩ0.006473
    Add a message to the inbox of the smart contract rollup at address [SC_ROLLUP_HASH]
      This operation sending a message to a smart contract rollup was successfully applied
      Consumed gas: 1934.342
      Resulting inbox state: 
         rollup = [SC_ROLLUP_HASH]
         level = 10
         current messages hash  = CoWSNHkjFApjeRLdcwH7SueKLnNLHGbbNFkkYuoVYFQfochCm6Tq
         nb_available_messages = 4000
         nb_non_committed_messages = 4000
         message_counter = 500
         old_levels_messages = 
       content = CoWSNHkjFApjeRLdcwH7SueKLnNLHGbbNFkkYuoVYFQfochCm6Tq
       index = 8
       back_pointers = CoVa8JpnczPsJkqjq5gsTxQZWRXRgEC1mygXm7ef52d9JbjKnqv3
      CoVa8JpnczPsJkqjq5gsTxQZWRXRgEC1mygXm7ef52d9JbjKnqv3
      CoVa8JpnczPsJkqjq5gsTxQZWRXRgEC1mygXm7ef52d9JbjKnqv3
      CoVa8JpnczPsJkqjq5gsTxQZWRXRgEC1mygXm7ef52d9JbjKnqv3
    
    


./tezos-client --wait none send sc rollup message 'text:["CAFEBABE","CAFEBABE","CAFEBABE","CAFEBABE","CAFEBABE","CAFEBABE","CAFEBABE","CAFEBABE","CAFEBABE","CAFEBABE","CAFEBABE","CAFEBABE","CAFEBABE","CAFEBABE","CAFEBABE","CAFEBABE","CAFEBABE","CAFEBABE","CAFEBABE","CAFEBABE","CAFEBABE","CAFEBABE","CAFEBABE","CAFEBABE","CAFEBABE","CAFEBABE","CAFEBABE","CAFEBABE","CAFEBABE","CAFEBABE","CAFEBABE","CAFEBABE","CAFEBABE","CAFEBABE","CAFEBABE","CAFEBABE","CAFEBABE","CAFEBABE","CAFEBABE","CAFEBABE","CAFEBABE","CAFEBABE","CAFEBABE","CAFEBABE","CAFEBABE","CAFEBABE","CAFEBABE","CAFEBABE","CAFEBABE","CAFEBABE","CAFEBABE","CAFEBABE","CAFEBABE","CAFEBABE","CAFEBABE","CAFEBABE","CAFEBABE","CAFEBABE","CAFEBABE","CAFEBABE","CAFEBABE","CAFEBABE","CAFEBABE","CAFEBABE","CAFEBABE","CAFEBABE","CAFEBABE","CAFEBABE","CAFEBABE","CAFEBABE","CAFEBABE","CAFEBABE","CAFEBABE","CAFEBABE","CAFEBABE","CAFEBABE","CAFEBABE","CAFEBABE","CAFEBABE","CAFEBABE","CAFEBABE","CAFEBABE","CAFEBABE","CAFEBABE","CAFEBABE","CAFEBABE","CAFEBABE","CAFEBABE","CAFEBABE","CAFEBABE","CAFEBABE","CAFEBABE","CAFEBABE","CAFEBABE","CAFEBABE","CAFEBABE","CAFEBABE","CAFEBABE","CAFEBABE","CAFEBABE","CAFEBABE","CAFEBABE","CAFEBABE","CAFEBABE","CAFEBABE","CAFEBABE","CAFEBABE","CAFEBABE","CAFEBABE","CAFEBABE","CAFEBABE","CAFEBABE","CAFEBABE","CAFEBABE","CAFEBABE","CAFEBABE","CAFEBABE","CAFEBABE","CAFEBABE","CAFEBABE","CAFEBABE","CAFEBABE","CAFEBABE","CAFEBABE","CAFEBABE","CAFEBABE","CAFEBABE","CAFEBABE","CAFEBABE","CAFEBABE","CAFEBABE","CAFEBABE","CAFEBABE","CAFEBABE","CAFEBABE","CAFEBABE","CAFEBABE","CAFEBABE","CAFEBABE","CAFEBABE","CAFEBABE","CAFEBABE","CAFEBABE","CAFEBABE","CAFEBABE","CAFEBABE","CAFEBABE","CAFEBABE","CAFEBABE","CAFEBABE","CAFEBABE","CAFEBABE","CAFEBABE","CAFEBABE","CAFEBABE","CAFEBABE","CAFEBABE","CAFEBABE","CAFEBABE","CAFEBABE","CAFEBABE","CAFEBABE","CAFEBABE","CAFEBABE","CAFEBABE","CAFEBABE","CAFEBABE","CAFEBABE","CAFEBABE","CAFEBABE","CAFEBABE","CAFEBABE","CAFEBABE","CAFEBABE","CAFEBABE","CAFEBABE","CAFEBABE","CAFEBABE","CAFEBABE","CAFEBABE","CAFEBABE","CAFEBABE","CAFEBABE","CAFEBABE","CAFEBABE","CAFEBABE","CAFEBABE","CAFEBABE","CAFEBABE","CAFEBABE","CAFEBABE","CAFEBABE","CAFEBABE","CAFEBABE","CAFEBABE","CAFEBABE","CAFEBABE","CAFEBABE","CAFEBABE","CAFEBABE","CAFEBABE","CAFEBABE","CAFEBABE","CAFEBABE","CAFEBABE","CAFEBABE","CAFEBABE","CAFEBABE","CAFEBABE","CAFEBABE","CAFEBABE","CAFEBABE","CAFEBABE","CAFEBABE","CAFEBABE","CAFEBABE","CAFEBABE","CAFEBABE","CAFEBABE","CAFEBABE","CAFEBABE","CAFEBABE","CAFEBABE","CAFEBABE","CAFEBABE","CAFEBABE","CAFEBABE","CAFEBABE","CAFEBABE","CAFEBABE","CAFEBABE","CAFEBABE","CAFEBABE","CAFEBABE","CAFEBABE","CAFEBABE","CAFEBABE","CAFEBABE","CAFEBABE","CAFEBABE","CAFEBABE","CAFEBABE","CAFEBABE","CAFEBABE","CAFEBABE","CAFEBABE","CAFEBABE","CAFEBABE","CAFEBABE","CAFEBABE","CAFEBABE","CAFEBABE","CAFEBABE","CAFEBABE","CAFEBABE","CAFEBABE","CAFEBABE","CAFEBABE","CAFEBABE","CAFEBABE","CAFEBABE","CAFEBABE","CAFEBABE","CAFEBABE","CAFEBABE","CAFEBABE","CAFEBABE","CAFEBABE","CAFEBABE","CAFEBABE","CAFEBABE","CAFEBABE","CAFEBABE","CAFEBABE","CAFEBABE","CAFEBABE","CAFEBABE","CAFEBABE","CAFEBABE","CAFEBABE","CAFEBABE","CAFEBABE","CAFEBABE","CAFEBABE","CAFEBABE","CAFEBABE","CAFEBABE","CAFEBABE","CAFEBABE","CAFEBABE","CAFEBABE","CAFEBABE","CAFEBABE","CAFEBABE","CAFEBABE","CAFEBABE","CAFEBABE","CAFEBABE","CAFEBABE","CAFEBABE","CAFEBABE","CAFEBABE","CAFEBABE","CAFEBABE","CAFEBABE","CAFEBABE","CAFEBABE","CAFEBABE","CAFEBABE","CAFEBABE","CAFEBABE","CAFEBABE","CAFEBABE","CAFEBABE","CAFEBABE","CAFEBABE","CAFEBABE","CAFEBABE","CAFEBABE","CAFEBABE","CAFEBABE","CAFEBABE","CAFEBABE","CAFEBABE","CAFEBABE","CAFEBABE","CAFEBABE","CAFEBABE","CAFEBABE","CAFEBABE","CAFEBABE","CAFEBABE","CAFEBABE","CAFEBABE","CAFEBABE","CAFEBABE","CAFEBABE","CAFEBABE","CAFEBABE","CAFEBABE","CAFEBABE","CAFEBABE","CAFEBABE","CAFEBABE","CAFEBABE","CAFEBABE","CAFEBABE","CAFEBABE","CAFEBABE","CAFEBABE","CAFEBABE","CAFEBABE","CAFEBABE","CAFEBABE","CAFEBABE","CAFEBABE","CAFEBABE","CAFEBABE","CAFEBABE","CAFEBABE","CAFEBABE","CAFEBABE","CAFEBABE","CAFEBABE","CAFEBABE","CAFEBABE","CAFEBABE","CAFEBABE","CAFEBABE","CAFEBABE","CAFEBABE","CAFEBABE","CAFEBABE","CAFEBABE","CAFEBABE","CAFEBABE","CAFEBABE","CAFEBABE","CAFEBABE","CAFEBABE","CAFEBABE","CAFEBABE","CAFEBABE","CAFEBABE","CAFEBABE","CAFEBABE","CAFEBABE","CAFEBABE","CAFEBABE","CAFEBABE","CAFEBABE","CAFEBABE","CAFEBABE","CAFEBABE","CAFEBABE","CAFEBABE","CAFEBABE","CAFEBABE","CAFEBABE","CAFEBABE","CAFEBABE","CAFEBABE","CAFEBABE","CAFEBABE","CAFEBABE","CAFEBABE","CAFEBABE","CAFEBABE","CAFEBABE","CAFEBABE","CAFEBABE","CAFEBABE","CAFEBABE","CAFEBABE","CAFEBABE","CAFEBABE","CAFEBABE","CAFEBABE","CAFEBABE","CAFEBABE","CAFEBABE","CAFEBABE","CAFEBABE","CAFEBABE","CAFEBABE","CAFEBABE","CAFEBABE","CAFEBABE","CAFEBABE","CAFEBABE","CAFEBABE","CAFEBABE","CAFEBABE","CAFEBABE","CAFEBABE","CAFEBABE","CAFEBABE","CAFEBABE","CAFEBABE","CAFEBABE","CAFEBABE","CAFEBABE","CAFEBABE","CAFEBABE","CAFEBABE","CAFEBABE","CAFEBABE","CAFEBABE","CAFEBABE","CAFEBABE","CAFEBABE","CAFEBABE","CAFEBABE","CAFEBABE","CAFEBABE","CAFEBABE","CAFEBABE","CAFEBABE","CAFEBABE","CAFEBABE","CAFEBABE","CAFEBABE","CAFEBABE","CAFEBABE","CAFEBABE","CAFEBABE","CAFEBABE","CAFEBABE","CAFEBABE","CAFEBABE","CAFEBABE","CAFEBABE","CAFEBABE","CAFEBABE","CAFEBABE","CAFEBABE","CAFEBABE","CAFEBABE","CAFEBABE","CAFEBABE","CAFEBABE","CAFEBABE","CAFEBABE","CAFEBABE","CAFEBABE","CAFEBABE","CAFEBABE","CAFEBABE","CAFEBABE","CAFEBABE","CAFEBABE","CAFEBABE","CAFEBABE","CAFEBABE","CAFEBABE","CAFEBABE","CAFEBABE","CAFEBABE","CAFEBABE","CAFEBABE"]' from bootstrap1 to '[SC_ROLLUP_HASH]'
Node is bootstrapped.
This simulation failed:
  Manager signed operations:
    From: [PUBLIC_KEY_HASH]
    Fee to the baker: ꜩ0
    Expected counter: 10
    Gas limit: 1040000
    Storage limit: 60000 bytes
    Add a message to the inbox of the smart contract rollup at address [SC_ROLLUP_HASH]
      This operation FAILED.

Error:
  { "id": "proto.alpha.Sc_rollup_max_number_of_non_committed_messages_reached",
  "description": "Maximum number of non committed messages reached",
  "data": {} }
